2026-03-22 16:19:19,825 [INFO] MasterMute: MasterMute starting...
2026-03-22 16:19:19,825 [INFO] MasterMute: Config loaded from C:\Users\Xhoni\Desktop\Coding\master-mute\config.toml
2026-03-22 16:19:19,830 [INFO] MasterMute: Startup: mic is unmuted
2026-03-22 16:19:20,396 [INFO] chroma: Chroma SDK session established: http://localhost:62174/chromasdk
2026-03-22 16:19:20,397 [INFO] MasterMute: Chroma SDK connected
2026-03-22 16:19:20,453 [INFO] hotkey: Hotkey listener started for 'ctrl+shift+alt+f8'
2026-03-22 16:19:20,454 [INFO] MasterMute: MasterMute running.
2026-03-22 16:19:24,089 [INFO] hotkey: Short press detected (145ms)
2026-03-22 16:19:24,092 [INFO] audio: Mic mute set to True
2026-03-22 16:19:24,095 [INFO] hotkey: Sent Discord hotkey: ctrl+shift+alt+f9
2026-03-22 16:19:24,097 [INFO] chroma: Keyboard set to solid mute color
2026-03-22 16:19:24,104 [INFO] MasterMute: State -> MUTED
2026-03-22 16:19:26,524 [INFO] hotkey: Short press detected (142ms)
2026-03-22 16:19:26,526 [INFO] audio: Mic mute set to False
2026-03-22 16:19:26,529 [INFO] hotkey: Sent Discord hotkey: ctrl+shift+alt+f9
2026-03-22 16:19:26,534 [INFO] MasterMute: State -> UNMUTED
2026-03-22 16:19:28,916 [INFO] hotkey: Long press detected (held >= 300ms)
2026-03-22 16:19:28,919 [INFO] audio: Mic mute set to True
2026-03-22 16:19:28,921 [INFO] audio: Speaker mute set to True
2026-03-22 16:19:28,924 [INFO] hotkey: Sent Discord hotkey: ctrl+shift+alt+f10
2026-03-22 16:19:28,925 [INFO] chroma: Started pulsing keyboard
2026-03-22 16:19:28,933 [INFO] MasterMute: State -> DEAFENED
2026-03-22 16:19:42,469 [INFO] hotkey: Short press detected (216ms)
2026-03-22 16:19:42,471 [INFO] audio: Mic mute set to False
2026-03-22 16:19:42,473 [INFO] audio: Speaker mute set to False
2026-03-22 16:19:42,476 [INFO] hotkey: Sent Discord hotkey: ctrl+shift+alt+f10
2026-03-22 16:19:42,481 [INFO] MasterMute: State -> UNMUTED (from deafened)
2026-03-22 16:19:48,104 [INFO] hotkey: Short press detected (178ms)
2026-03-22 16:19:48,106 [INFO] audio: Mic mute set to True
2026-03-22 16:19:48,109 [INFO] hotkey: Sent Discord hotkey: ctrl+shift+alt+f9
2026-03-22 16:19:48,111 [INFO] chroma: Keyboard set to solid mute color
2026-03-22 16:19:48,114 [INFO] MasterMute: State -> MUTED
2026-03-22 16:19:56,910 [INFO] hotkey: Short press detected (244ms)
2026-03-22 16:19:56,912 [INFO] audio: Mic mute set to False
2026-03-22 16:19:56,915 [INFO] hotkey: Sent Discord hotkey: ctrl+shift+alt+f9
2026-03-22 16:19:56,920 [INFO] MasterMute: State -> UNMUTED
2026-03-22 16:19:58,873 [INFO] hotkey: Short press detected (169ms)
2026-03-22 16:19:58,875 [INFO] audio: Mic mute set to True
2026-03-22 16:19:58,878 [INFO] hotkey: Sent Discord hotkey: ctrl+shift+alt+f9
2026-03-22 16:19:58,879 [INFO] chroma: Keyboard set to solid mute color
2026-03-22 16:19:58,883 [INFO] MasterMute: State -> MUTED
2026-03-22 16:31:59,391 [INFO] MasterMute: MasterMute starting...
2026-03-22 16:31:59,391 [INFO] MasterMute: Config loaded from C:\Users\Xhoni\Desktop\Coding\master-mute\config.toml
2026-03-22 16:31:59,395 [INFO] MasterMute: Startup: mic is already muted
2026-03-22 16:31:59,447 [INFO] hotkey: Hotkey listener started for 'ctrl+shift+alt+f8'
2026-03-22 16:31:59,448 [INFO] MasterMute: MasterMute running.
2026-03-22 16:33:26,828 [INFO] MasterMute: MasterMute starting...
2026-03-22 16:33:26,828 [INFO] MasterMute: Config loaded from C:\Users\Xhoni\Desktop\Coding\master-mute\config.toml
2026-03-22 16:33:26,832 [INFO] MasterMute: Startup: mic is already muted
2026-03-22 16:33:26,886 [INFO] hotkey: Hotkey listener started for 'ctrl+shift+alt+f8'
2026-03-22 16:33:26,886 [INFO] MasterMute: MasterMute running.
2026-03-22 16:33:31,862 [INFO] hotkey: Short press detected (179ms)
2026-03-22 16:33:31,865 [INFO] audio: Mic mute set to False
2026-03-22 16:33:31,868 [INFO] hotkey: Sent Discord hotkey: ctrl+shift+alt+f9
2026-03-22 16:33:31,871 [INFO] MasterMute: State -> UNMUTED
2026-03-22 16:33:34,093 [INFO] hotkey: Short press detected (157ms)
2026-03-22 16:33:34,095 [INFO] audio: Mic mute set to True
2026-03-22 16:33:34,098 [INFO] hotkey: Sent Discord hotkey: ctrl+shift+alt+f9
2026-03-22 16:33:34,101 [INFO] MasterMute: State -> MUTED
2026-03-22 16:33:35,570 [INFO] hotkey: Short press detected (147ms)
2026-03-22 16:33:35,572 [INFO] audio: Mic mute set to False
2026-03-22 16:33:35,575 [INFO] hotkey: Sent Discord hotkey: ctrl+shift+alt+f9
2026-03-22 16:33:35,579 [INFO] MasterMute: State -> UNMUTED
2026-03-22 16:33:37,274 [INFO] hotkey: Short press detected (164ms)
2026-03-22 16:33:37,276 [INFO] audio: Mic mute set to True
2026-03-22 16:33:37,279 [INFO] hotkey: Sent Discord hotkey: ctrl+shift+alt+f9
2026-03-22 16:33:37,282 [INFO] MasterMute: State -> MUTED
2026-03-22 16:33:45,126 [INFO] hotkey: Short press detected (154ms)
2026-03-22 16:33:45,128 [INFO] audio: Mic mute set to False
2026-03-22 16:33:45,131 [INFO] hotkey: Sent Discord hotkey: ctrl+shift+alt+f9
2026-03-22 16:33:45,136 [INFO] MasterMute: State -> UNMUTED
2026-03-22 16:47:31,058 [INFO] MasterMute: MasterMute starting...
2026-03-22 16:47:31,058 [INFO] MasterMute: Config loaded from C:\Users\Xhoni\Desktop\Coding\master-mute\config.toml
2026-03-22 16:47:31,063 [INFO] audio: Mic mute set to False
2026-03-22 16:47:31,065 [INFO] audio: Speaker mute set to False
2026-03-22 16:47:31,065 [INFO] MasterMute: Startup: forced unmuted state for sync
2026-03-22 16:47:31,119 [INFO] hotkey: Hotkey listener started for 'ctrl+shift+alt+f8'
2026-03-22 16:47:31,119 [INFO] MasterMute: MasterMute running.
2026-03-22 16:47:46,895 [INFO] hotkey: Short press detected (186ms)
2026-03-22 16:47:46,898 [INFO] audio: Mic mute set to True
2026-03-22 16:47:46,900 [INFO] hotkey: Sent Discord hotkey: ctrl+shift+alt+f9
2026-03-22 16:47:46,909 [INFO] MasterMute: State -> MUTED
2026-03-22 16:48:05,600 [INFO] hotkey: Short press detected (123ms)
2026-03-22 16:48:05,602 [INFO] audio: Mic mute set to False
2026-03-22 16:48:05,604 [INFO] hotkey: Sent Discord hotkey: ctrl+shift+alt+f9
2026-03-22 16:48:05,608 [INFO] MasterMute: State -> UNMUTED
2026-03-22 16:48:10,083 [INFO] hotkey: Long press detected (held >= 300ms)
2026-03-22 16:48:10,085 [INFO] audio: Mic mute set to True
2026-03-22 16:48:10,087 [INFO] audio: Speaker mute set to True
2026-03-22 16:48:10,089 [INFO] hotkey: Sent Discord hotkey: ctrl+shift+alt+f10
2026-03-22 16:48:10,097 [INFO] MasterMute: State -> DEAFENED
2026-03-22 16:48:15,475 [INFO] hotkey: Short press detected (142ms)
2026-03-22 16:48:15,477 [INFO] audio: Mic mute set to False
2026-03-22 16:48:15,479 [INFO] audio: Speaker mute set to False
2026-03-22 16:48:15,481 [INFO] hotkey: Sent Discord hotkey: ctrl+shift+alt+f10
2026-03-22 16:48:15,484 [INFO] MasterMute: State -> UNMUTED (from deafened)
2026-03-22 16:48:20,699 [INFO] hotkey: Short press detected (129ms)
2026-03-22 16:48:20,701 [INFO] audio: Mic mute set to True
2026-03-22 16:48:20,703 [INFO] hotkey: Sent Discord hotkey: ctrl+shift+alt+f9
2026-03-22 16:48:20,707 [INFO] MasterMute: State -> MUTED
2026-03-22 16:48:34,555 [INFO] hotkey: Short press detected (119ms)
2026-03-22 16:48:34,557 [INFO] audio: Mic mute set to False
2026-03-22 16:48:34,559 [INFO] hotkey: Sent Discord hotkey: ctrl+shift+alt+f9
2026-03-22 16:48:34,565 [INFO] MasterMute: State -> UNMUTED
2026-03-22 16:52:09,997 [INFO] hotkey: Short press detected (162ms)
2026-03-22 16:52:10,000 [INFO] audio: Mic mute set to True
2026-03-22 16:52:10,002 [INFO] hotkey: Sent Discord hotkey: ctrl+shift+alt+f9
2026-03-22 16:52:10,005 [INFO] MasterMute: State -> MUTED
2026-03-22 16:52:18,292 [INFO] hotkey: Short press detected (125ms)
2026-03-22 16:52:18,294 [INFO] audio: Mic mute set to False
2026-03-22 16:52:18,297 [INFO] hotkey: Sent Discord hotkey: ctrl+shift+alt+f9
2026-03-22 16:52:18,300 [INFO] MasterMute: State -> UNMUTED
2026-03-22 16:53:40,339 [INFO] hotkey: Short press detected (115ms)
2026-03-22 16:53:40,342 [INFO] audio: Mic mute set to True
2026-03-22 16:53:40,345 [INFO] hotkey: Sent Discord hotkey: ctrl+shift+alt+f9
2026-03-22 16:53:40,349 [INFO] MasterMute: State -> MUTED
2026-03-22 16:54:10,619 [INFO] hotkey: Short press detected (137ms)
2026-03-22 16:54:10,622 [INFO] audio: Mic mute set to False
2026-03-22 16:54:10,625 [INFO] hotkey: Sent Discord hotkey: ctrl+shift+alt+f9
2026-03-22 16:54:10,629 [INFO] MasterMute: State -> UNMUTED
2026-03-22 16:54:17,342 [INFO] hotkey: Short press detected (108ms)
2026-03-22 16:54:17,344 [INFO] audio: Mic mute set to True
2026-03-22 16:54:17,348 [INFO] hotkey: Sent Discord hotkey: ctrl+shift+alt+f9
2026-03-22 16:54:17,353 [INFO] MasterMute: State -> MUTED
2026-03-22 16:54:19,303 [INFO] hotkey: Short press detected (128ms)
2026-03-22 16:54:19,305 [INFO] audio: Mic mute set to False
2026-03-22 16:54:19,307 [INFO] hotkey: Sent Discord hotkey: ctrl+shift+alt+f9
2026-03-22 16:54:19,312 [INFO] MasterMute: State -> UNMUTED
2026-03-22 16:54:20,884 [INFO] hotkey: Long press detected (held >= 300ms)
2026-03-22 16:54:20,886 [INFO] audio: Mic mute set to True
2026-03-22 16:54:20,888 [INFO] audio: Speaker mute set to True
2026-03-22 16:54:20,891 [INFO] hotkey: Sent Discord hotkey: ctrl+shift+alt+f10
2026-03-22 16:54:20,899 [INFO] MasterMute: State -> DEAFENED
2026-03-22 16:54:26,246 [INFO] hotkey: Long press detected (held >= 300ms)
2026-03-22 16:54:29,879 [INFO] hotkey: Short press detected (128ms)
2026-03-22 16:54:29,881 [INFO] audio: Mic mute set to False
2026-03-22 16:54:29,883 [INFO] audio: Speaker mute set to False
2026-03-22 16:54:29,886 [INFO] hotkey: Sent Discord hotkey: ctrl+shift+alt+f10
2026-03-22 16:54:29,891 [INFO] MasterMute: State -> UNMUTED (from deafened)
2026-03-22 16:54:31,990 [INFO] hotkey: Short press detected (120ms)
2026-03-22 16:54:31,993 [INFO] audio: Mic mute set to True
2026-03-22 16:54:31,995 [INFO] hotkey: Sent Discord hotkey: ctrl+shift+alt+f9
2026-03-22 16:54:31,998 [INFO] MasterMute: State -> MUTED
2026-03-22 16:54:33,882 [INFO] hotkey: Short press detected (147ms)
2026-03-22 16:54:33,885 [INFO] audio: Mic mute set to False
2026-03-22 16:54:33,887 [INFO] hotkey: Sent Discord hotkey: ctrl+shift+alt+f9
2026-03-22 16:54:33,891 [INFO] MasterMute: State -> UNMUTED
2026-03-22 16:54:35,551 [INFO] hotkey: Long press detected (held >= 300ms)
2026-03-22 16:54:35,553 [INFO] audio: Mic mute set to True
2026-03-22 16:54:35,555 [INFO] audio: Speaker mute set to True
2026-03-22 16:54:35,558 [INFO] hotkey: Sent Discord hotkey: ctrl+shift+alt+f10
2026-03-22 16:54:35,562 [INFO] MasterMute: State -> DEAFENED
2026-03-22 16:54:42,390 [INFO] hotkey: Short press detected (147ms)
2026-03-22 16:54:42,392 [INFO] audio: Mic mute set to False
2026-03-22 16:54:42,394 [INFO] audio: Speaker mute set to False
2026-03-22 16:54:42,397 [INFO] hotkey: Sent Discord hotkey: ctrl+shift+alt+f10
2026-03-22 16:54:42,402 [INFO] MasterMute: State -> UNMUTED (from deafened)
2026-03-22 16:56:26,242 [INFO] hotkey: Short press detected (101ms)
2026-03-22 16:56:26,245 [INFO] audio: Mic mute set to True
2026-03-22 16:56:26,247 [INFO] hotkey: Sent Discord hotkey: ctrl+shift+alt+f9
2026-03-22 16:56:26,256 [INFO] MasterMute: State -> MUTED
2026-03-22 16:56:28,117 [INFO] hotkey: Short press detected (98ms)
2026-03-22 16:56:28,120 [INFO] audio: Mic mute set to False
2026-03-22 16:56:28,121 [INFO] hotkey: Sent Discord hotkey: ctrl+shift+alt+f9
2026-03-22 16:56:28,131 [INFO] MasterMute: State -> UNMUTED
2026-03-22 16:56:34,810 [INFO] hotkey: Long press detected (held >= 300ms)
2026-03-22 16:56:34,812 [INFO] audio: Mic mute set to True
2026-03-22 16:56:34,814 [INFO] audio: Speaker mute set to True
2026-03-22 16:56:34,816 [INFO] hotkey: Sent Discord hotkey: ctrl+shift+alt+f10
2026-03-22 16:56:34,826 [INFO] MasterMute: State -> DEAFENED
2026-03-22 16:56:37,322 [INFO] hotkey: Short press detected (105ms)
2026-03-22 16:56:37,324 [INFO] audio: Mic mute set to False
2026-03-22 16:56:37,326 [INFO] audio: Speaker mute set to False
2026-03-22 16:56:37,329 [INFO] hotkey: Sent Discord hotkey: ctrl+shift+alt+f10
2026-03-22 16:56:37,332 [INFO] MasterMute: State -> UNMUTED (from deafened)
2026-03-22 16:57:02,078 [INFO] hotkey: Long press detected (held >= 300ms)
2026-03-22 16:57:02,080 [INFO] audio: Mic mute set to True
2026-03-22 16:57:02,082 [INFO] audio: Speaker mute set to True
2026-03-22 16:57:02,085 [INFO] hotkey: Sent Discord hotkey: ctrl+shift+alt+f10
2026-03-22 16:57:02,090 [INFO] MasterMute: State -> DEAFENED
2026-03-22 16:57:32,174 [INFO] hotkey: Short press detected (158ms)
2026-03-22 16:57:32,176 [INFO] audio: Mic mute set to False
2026-03-22 16:57:32,178 [INFO] audio: Speaker mute set to False
2026-03-22 16:57:32,180 [INFO] hotkey: Sent Discord hotkey: ctrl+shift+alt+f10
2026-03-22 16:57:32,184 [INFO] MasterMute: State -> UNMUTED (from deafened)
2026-03-22 16:58:03,540 [INFO] MasterMute: MasterMute starting...
2026-03-22 16:58:03,540 [INFO] MasterMute: Config loaded from C:\Users\Xhoni\Desktop\Coding\master-mute\config.toml
2026-03-22 16:58:03,544 [INFO] audio: Mic mute set to False
2026-03-22 16:58:03,546 [INFO] audio: Speaker mute set to False
2026-03-22 16:58:03,546 [INFO] MasterMute: Startup: forced unmuted state for sync
2026-03-22 16:58:03,600 [INFO] hotkey: Hotkey listener started for 'ctrl+shift+alt+f8'
2026-03-22 16:58:03,601 [INFO] MasterMute: MasterMute running.
2026-03-22 16:58:15,923 [INFO] hotkey: Long press detected (held >= 300ms)
2026-03-22 16:58:15,925 [INFO] audio: Mic mute set to True
2026-03-22 16:58:15,927 [INFO] audio: Speaker mute set to True
2026-03-22 16:58:15,980 [INFO] hotkey: Sent Discord hotkey: ctrl+shift+alt+f10
2026-03-22 16:58:15,983 [INFO] MasterMute: State -> DEAFENED
2026-03-22 16:58:19,246 [INFO] hotkey: Short press detected (172ms)
2026-03-22 16:58:19,248 [INFO] audio: Mic mute set to False
2026-03-22 16:58:19,250 [INFO] audio: Speaker mute set to False
2026-03-22 16:58:19,252 [INFO] hotkey: Sent Discord hotkey: ctrl+shift+alt+f10
2026-03-22 16:58:19,257 [INFO] MasterMute: State -> UNMUTED (from deafened)
2026-03-22 16:58:20,341 [INFO] hotkey: Short press detected (129ms)
2026-03-22 16:58:20,343 [INFO] audio: Mic mute set to True
2026-03-22 16:58:20,345 [INFO] hotkey: Sent Discord hotkey: ctrl+shift+alt+f9
2026-03-22 16:58:20,350 [INFO] MasterMute: State -> MUTED
2026-03-22 16:58:20,988 [INFO] hotkey: Short press detected (114ms)
2026-03-22 16:58:20,990 [INFO] audio: Mic mute set to False
2026-03-22 16:58:20,992 [INFO] hotkey: Sent Discord hotkey: ctrl+shift+alt+f9
2026-03-22 16:58:20,996 [INFO] MasterMute: State -> UNMUTED
2026-03-22 16:59:14,860 [INFO] MasterMute: MasterMute starting...
2026-03-22 16:59:14,860 [INFO] MasterMute: Config loaded from C:\Users\Xhoni\Desktop\Coding\master-mute\config.toml
2026-03-22 16:59:14,864 [INFO] audio: Mic mute set to False
2026-03-22 16:59:14,866 [INFO] audio: Speaker mute set to False
2026-03-22 16:59:14,866 [INFO] MasterMute: Startup: forced unmuted state for sync
2026-03-22 16:59:14,920 [INFO] hotkey: Hotkey listener started for 'ctrl+shift+alt+f8'
2026-03-22 16:59:14,920 [INFO] MasterMute: MasterMute running.
2026-03-22 16:59:31,927 [INFO] hotkey: Long press detected (held >= 300ms)
2026-03-22 16:59:31,930 [INFO] audio: Mic mute set to True
2026-03-22 16:59:31,931 [INFO] audio: Speaker mute set to True
2026-03-22 16:59:31,935 [INFO] MasterMute: State -> DEAFENED (Discord hotkey deferred until key release)
2026-03-22 16:59:32,899 [INFO] hotkey: Sent Discord hotkey: ctrl+shift+alt+f10
2026-03-22 16:59:32,900 [INFO] MasterMute: Deferred Discord hotkey sent on key release
2026-03-22 16:59:35,544 [INFO] hotkey: Short press detected (183ms)
2026-03-22 16:59:35,547 [INFO] audio: Mic mute set to False
2026-03-22 16:59:35,549 [INFO] audio: Speaker mute set to False
2026-03-22 16:59:35,551 [INFO] hotkey: Sent Discord hotkey: ctrl+shift+alt+f10
2026-03-22 16:59:35,555 [INFO] MasterMute: State -> UNMUTED (from deafened)
2026-03-22 16:59:36,654 [INFO] hotkey: Short press detected (163ms)
2026-03-22 16:59:36,656 [INFO] audio: Mic mute set to True
2026-03-22 16:59:36,658 [INFO] hotkey: Sent Discord hotkey: ctrl+shift+alt+f9
2026-03-22 16:59:36,662 [INFO] MasterMute: State -> MUTED
2026-03-22 16:59:37,424 [INFO] hotkey: Short press detected (137ms)
2026-03-22 16:59:37,426 [INFO] audio: Mic mute set to False
2026-03-22 16:59:37,428 [INFO] hotkey: Sent Discord hotkey: ctrl+shift+alt+f9
2026-03-22 16:59:37,431 [INFO] MasterMute: State -> UNMUTED
2026-03-22 17:01:20,503 [INFO] MasterMute: MasterMute starting...
2026-03-22 17:01:20,503 [INFO] MasterMute: Config loaded from C:\Users\Xhoni\Desktop\Coding\master-mute\config.toml
2026-03-22 17:01:20,508 [INFO] audio: Mic mute set to False
2026-03-22 17:01:20,510 [INFO] audio: Speaker mute set to False
2026-03-22 17:01:20,510 [INFO] MasterMute: Startup: forced unmuted state for sync
2026-03-22 17:01:20,562 [INFO] hotkey: Hotkey listener started for 'ctrl+shift+alt+f8'
2026-03-22 17:01:20,562 [INFO] MasterMute: MasterMute running.
2026-03-22 17:01:29,067 [INFO] hotkey: Long press detected (held >= 300ms)
2026-03-22 17:01:29,069 [INFO] audio: Mic mute set to True
2026-03-22 17:01:29,071 [INFO] audio: Speaker mute set to True
2026-03-22 17:01:29,074 [INFO] MasterMute: State -> DEAFENED (Discord hotkey deferred until key release)
2026-03-22 17:01:29,803 [INFO] hotkey: Sent Discord hotkey: ctrl+shift+alt+f7
2026-03-22 17:01:29,803 [INFO] MasterMute: Deferred Discord hotkey sent on key release
2026-03-22 17:01:36,530 [INFO] hotkey: Short press detected (128ms)
2026-03-22 17:01:36,533 [INFO] audio: Mic mute set to False
2026-03-22 17:01:36,535 [INFO] audio: Speaker mute set to False
2026-03-22 17:01:36,537 [INFO] hotkey: Sent Discord hotkey: ctrl+shift+alt+f7
2026-03-22 17:01:36,542 [INFO] MasterMute: State -> UNMUTED (from deafened)
2026-03-22 17:01:38,133 [INFO] hotkey: Short press detected (130ms)
2026-03-22 17:01:38,135 [INFO] audio: Mic mute set to True
2026-03-22 17:01:38,137 [INFO] hotkey: Sent Discord hotkey: ctrl+shift+alt+f9
2026-03-22 17:01:38,140 [INFO] MasterMute: State -> MUTED
2026-03-22 17:01:40,075 [INFO] hotkey: Short press detected (127ms)
2026-03-22 17:01:40,078 [INFO] audio: Mic mute set to False
2026-03-22 17:01:40,080 [INFO] hotkey: Sent Discord hotkey: ctrl+shift+alt+f9
2026-03-22 17:01:40,085 [INFO] MasterMute: State -> UNMUTED
2026-03-22 17:01:42,085 [INFO] hotkey: Short press detected (125ms)
2026-03-22 17:01:42,088 [INFO] audio: Mic mute set to True
2026-03-22 17:01:42,090 [INFO] hotkey: Sent Discord hotkey: ctrl+shift+alt+f9
2026-03-22 17:01:42,094 [INFO] MasterMute: State -> MUTED
2026-03-22 17:01:43,182 [INFO] hotkey: Long press detected (held >= 300ms)
2026-03-22 17:01:46,539 [INFO] hotkey: Long press detected (held >= 300ms)
2026-03-22 17:01:47,866 [INFO] hotkey: Short press detected (121ms)
2026-03-22 17:01:47,868 [INFO] audio: Mic mute set to False
2026-03-22 17:01:47,870 [INFO] hotkey: Sent Discord hotkey: ctrl+shift+alt+f9
2026-03-22 17:01:47,874 [INFO] MasterMute: State -> UNMUTED
2026-03-22 17:01:48,495 [INFO] hotkey: Short press detected (155ms)
2026-03-22 17:01:48,497 [INFO] audio: Mic mute set to True
2026-03-22 17:01:48,499 [INFO] hotkey: Sent Discord hotkey: ctrl+shift+alt+f9
2026-03-22 17:01:48,504 [INFO] MasterMute: State -> MUTED
2026-03-22 17:01:49,115 [INFO] hotkey: Short press detected (127ms)
2026-03-22 17:01:49,117 [INFO] audio: Mic mute set to False
2026-03-22 17:01:49,119 [INFO] hotkey: Sent Discord hotkey: ctrl+shift+alt+f9
2026-03-22 17:01:49,122 [INFO] MasterMute: State -> UNMUTED
2026-03-22 17:01:49,690 [INFO] hotkey: Short press detected (107ms)
2026-03-22 17:01:49,692 [INFO] audio: Mic mute set to True
2026-03-22 17:01:49,694 [INFO] hotkey: Sent Discord hotkey: ctrl+shift+alt+f9
2026-03-22 17:01:49,699 [INFO] MasterMute: State -> MUTED
2026-03-22 17:01:52,338 [INFO] hotkey: Short press detected (173ms)
2026-03-22 17:01:52,340 [INFO] audio: Mic mute set to False
2026-03-22 17:01:52,342 [INFO] hotkey: Sent Discord hotkey: ctrl+shift+alt+f9
2026-03-22 17:01:52,346 [INFO] MasterMute: State -> UNMUTED
2026-03-22 17:01:53,014 [INFO] hotkey: Short press detected (126ms)
2026-03-22 17:01:53,016 [INFO] audio: Mic mute set to True
2026-03-22 17:01:53,018 [INFO] hotkey: Sent Discord hotkey: ctrl+shift+alt+f9
2026-03-22 17:01:53,023 [INFO] MasterMute: State -> MUTED
2026-03-22 17:01:53,799 [INFO] hotkey: Long press detected (held >= 300ms)
2026-03-22 17:01:55,574 [INFO] hotkey: Short press detected (168ms)
2026-03-22 17:01:55,576 [INFO] audio: Mic mute set to False
2026-03-22 17:01:55,578 [INFO] hotkey: Sent Discord hotkey: ctrl+shift+alt+f9
2026-03-22 17:01:55,585 [INFO] MasterMute: State -> UNMUTED
2026-03-22 17:01:56,312 [INFO] hotkey: Short press detected (144ms)
2026-03-22 17:01:56,314 [INFO] audio: Mic mute set to True
2026-03-22 17:01:56,316 [INFO] hotkey: Sent Discord hotkey: ctrl+shift+alt+f9
2026-03-22 17:01:56,319 [INFO] MasterMute: State -> MUTED
2026-03-22 17:03:57,729 [INFO] MasterMute: MasterMute starting...
2026-03-22 17:03:57,729 [INFO] MasterMute: Config loaded from C:\Users\Xhoni\Desktop\Coding\master-mute\config.toml
2026-03-22 17:03:57,734 [INFO] audio: Mic mute set to False
2026-03-22 17:03:57,736 [INFO] audio: Speaker mute set to False
2026-03-22 17:03:57,736 [INFO] MasterMute: Startup: forced unmuted state for sync
2026-03-22 17:03:57,788 [INFO] hotkey: Hotkey listener started for 'ctrl+shift+alt+f8'
2026-03-22 17:03:57,788 [INFO] MasterMute: MasterMute running.
2026-03-22 17:04:30,481 [INFO] hotkey: Long press detected (held >= 300ms)
2026-03-22 17:04:30,484 [INFO] audio: Mic mute set to True
2026-03-22 17:04:30,485 [INFO] audio: Speaker mute set to True
2026-03-22 17:04:30,488 [INFO] hotkey: Sent Discord hotkey: ctrl+shift+alt+f7
2026-03-22 17:04:30,491 [INFO] MasterMute: State -> DEAFENED
2026-03-22 17:04:32,783 [INFO] hotkey: Short press detected (156ms)
2026-03-22 17:04:32,785 [INFO] audio: Mic mute set to False
2026-03-22 17:04:32,787 [INFO] audio: Speaker mute set to False
2026-03-22 17:04:32,790 [INFO] hotkey: Sent Discord hotkey: ctrl+shift+alt+f7
2026-03-22 17:04:32,794 [INFO] MasterMute: State -> UNMUTED (from deafened)
2026-03-22 17:04:34,177 [INFO] hotkey: Long press detected (held >= 300ms)
2026-03-22 17:04:34,179 [INFO] audio: Mic mute set to True
2026-03-22 17:04:34,180 [INFO] audio: Speaker mute set to True
2026-03-22 17:04:34,183 [INFO] hotkey: Sent Discord hotkey: ctrl+shift+alt+f7
2026-03-22 17:04:34,188 [INFO] MasterMute: State -> DEAFENED
2026-03-22 17:04:36,495 [INFO] hotkey: Short press detected (121ms)
2026-03-22 17:04:36,497 [INFO] audio: Mic mute set to False
2026-03-22 17:04:36,499 [INFO] audio: Speaker mute set to False
2026-03-22 17:04:36,502 [INFO] hotkey: Sent Discord hotkey: ctrl+shift+alt+f7
2026-03-22 17:04:36,505 [INFO] MasterMute: State -> UNMUTED (from deafened)
2026-03-22 17:04:37,822 [INFO] hotkey: Short press detected (109ms)
2026-03-22 17:04:37,824 [INFO] audio: Mic mute set to True
2026-03-22 17:04:37,826 [INFO] hotkey: Sent Discord hotkey: ctrl+shift+alt+f9
2026-03-22 17:04:37,831 [INFO] MasterMute: State -> MUTED
2026-03-22 17:04:44,233 [INFO] hotkey: Short press detected (159ms)
2026-03-22 17:04:44,235 [INFO] audio: Mic mute set to False
2026-03-22 17:04:44,238 [INFO] hotkey: Sent Discord hotkey: ctrl+shift+alt+f9
2026-03-22 17:04:44,242 [INFO] MasterMute: State -> UNMUTED
2026-03-22 17:04:46,762 [INFO] hotkey: Short press detected (129ms)
2026-03-22 17:04:46,764 [INFO] audio: Mic mute set to True
2026-03-22 17:04:46,766 [INFO] hotkey: Sent Discord hotkey: ctrl+shift+alt+f9
2026-03-22 17:04:46,770 [INFO] MasterMute: State -> MUTED
2026-03-22 17:04:51,381 [INFO] hotkey: Short press detected (127ms)
2026-03-22 17:04:51,383 [INFO] audio: Mic mute set to False
2026-03-22 17:04:51,385 [INFO] hotkey: Sent Discord hotkey: ctrl+shift+alt+f9
2026-03-22 17:04:51,389 [INFO] MasterMute: State -> UNMUTED
2026-03-22 17:04:58,068 [INFO] hotkey: Long press detected (held >= 300ms)
2026-03-22 17:04:58,070 [INFO] audio: Mic mute set to True
2026-03-22 17:04:58,072 [INFO] audio: Speaker mute set to True
2026-03-22 17:04:58,074 [INFO] hotkey: Sent Discord hotkey: ctrl+shift+alt+f7
2026-03-22 17:04:58,079 [INFO] MasterMute: State -> DEAFENED
2026-03-22 17:05:00,647 [INFO] hotkey: Short press detected (124ms)
2026-03-22 17:05:00,649 [INFO] audio: Mic mute set to False
2026-03-22 17:05:00,651 [INFO] audio: Speaker mute set to False
2026-03-22 17:05:00,654 [INFO] hotkey: Sent Discord hotkey: ctrl+shift+alt+f7
2026-03-22 17:05:00,657 [INFO] MasterMute: State -> UNMUTED (from deafened)
2026-03-22 17:05:01,722 [INFO] hotkey: Short press detected (114ms)
2026-03-22 17:05:01,724 [INFO] audio: Mic mute set to True
2026-03-22 17:05:01,726 [INFO] hotkey: Sent Discord hotkey: ctrl+shift+alt+f9
2026-03-22 17:05:01,730 [INFO] MasterMute: State -> MUTED
2026-03-22 17:05:02,343 [INFO] hotkey: Short press detected (123ms)
2026-03-22 17:05:02,345 [INFO] audio: Mic mute set to False
2026-03-22 17:05:02,347 [INFO] hotkey: Sent Discord hotkey: ctrl+shift+alt+f9
2026-03-22 17:05:02,352 [INFO] MasterMute: State -> UNMUTED
2026-03-22 17:05:03,292 [INFO] hotkey: Long press detected (held >= 300ms)
2026-03-22 17:05:03,294 [INFO] audio: Mic mute set to True
2026-03-22 17:05:03,296 [INFO] audio: Speaker mute set to True
2026-03-22 17:05:03,299 [INFO] hotkey: Sent Discord hotkey: ctrl+shift+alt+f7
2026-03-22 17:05:03,303 [INFO] MasterMute: State -> DEAFENED
2026-03-22 17:05:04,274 [INFO] hotkey: Short press detected (147ms)
2026-03-22 17:05:04,276 [INFO] audio: Mic mute set to False
2026-03-22 17:05:04,278 [INFO] audio: Speaker mute set to False
2026-03-22 17:05:04,281 [INFO] hotkey: Sent Discord hotkey: ctrl+shift+alt+f7
2026-03-22 17:05:04,285 [INFO] MasterMute: State -> UNMUTED (from deafened)
2026-03-22 17:05:07,693 [INFO] hotkey: Long press detected (held >= 300ms)
2026-03-22 17:05:07,695 [INFO] audio: Mic mute set to True
2026-03-22 17:05:07,697 [INFO] audio: Speaker mute set to True
2026-03-22 17:05:07,700 [INFO] hotkey: Sent Discord hotkey: ctrl+shift+alt+f7
2026-03-22 17:05:07,703 [INFO] MasterMute: State -> DEAFENED
2026-03-22 17:05:08,833 [INFO] hotkey: Short press detected (162ms)
2026-03-22 17:05:08,835 [INFO] audio: Mic mute set to False
2026-03-22 17:05:08,837 [INFO] audio: Speaker mute set to False
2026-03-22 17:05:08,840 [INFO] hotkey: Sent Discord hotkey: ctrl+shift+alt+f7
2026-03-22 17:05:08,843 [INFO] MasterMute: State -> UNMUTED (from deafened)
2026-03-22 17:05:12,138 [INFO] hotkey: Long press detected (held >= 300ms)
2026-03-22 17:05:12,140 [INFO] audio: Mic mute set to True
2026-03-22 17:05:12,142 [INFO] audio: Speaker mute set to True
2026-03-22 17:05:12,145 [INFO] hotkey: Sent Discord hotkey: ctrl+shift+alt+f7
2026-03-22 17:05:12,148 [INFO] MasterMute: State -> DEAFENED
2026-03-22 17:05:15,255 [INFO] hotkey: Long press detected (held >= 300ms)
2026-03-22 17:05:18,434 [INFO] hotkey: Short press detected (157ms)
2026-03-22 17:05:18,436 [INFO] audio: Mic mute set to False
2026-03-22 17:05:18,438 [INFO] audio: Speaker mute set to False
2026-03-22 17:05:18,441 [INFO] hotkey: Sent Discord hotkey: ctrl+shift+alt+f7
2026-03-22 17:05:18,446 [INFO] MasterMute: State -> UNMUTED (from deafened)
2026-03-22 17:05:19,738 [INFO] hotkey: Short press detected (149ms)
2026-03-22 17:05:19,740 [INFO] audio: Mic mute set to True
2026-03-22 17:05:19,742 [INFO] hotkey: Sent Discord hotkey: ctrl+shift+alt+f9
2026-03-22 17:05:19,746 [INFO] MasterMute: State -> MUTED
2026-03-22 17:05:20,717 [INFO] hotkey: Short press detected (144ms)
2026-03-22 17:05:20,719 [INFO] audio: Mic mute set to False
2026-03-22 17:05:20,721 [INFO] hotkey: Sent Discord hotkey: ctrl+shift+alt+f9
2026-03-22 17:05:20,725 [INFO] MasterMute: State -> UNMUTED
2026-03-22 17:07:03,418 [INFO] MasterMute: MasterMute starting...
2026-03-22 17:07:03,418 [INFO] MasterMute: Config loaded from C:\Users\Xhoni\Desktop\Coding\master-mute\config.toml
2026-03-22 17:07:03,423 [INFO] audio: Mic mute set to False
2026-03-22 17:07:03,425 [INFO] audio: Speaker mute set to False
2026-03-22 17:07:03,425 [INFO] MasterMute: Startup: forced unmuted state for sync
2026-03-22 17:07:03,478 [INFO] hotkey: Hotkey listener started for 'ctrl+shift+alt+f8'
2026-03-22 17:07:03,478 [INFO] MasterMute: MasterMute running.
2026-03-22 17:07:11,295 [INFO] hotkey: Long press detected (held >= 300ms)
2026-03-22 17:07:11,297 [INFO] audio: Mic mute set to True
2026-03-22 17:07:11,299 [INFO] hotkey: Sent Discord hotkey: ctrl+shift+alt+f7
2026-03-22 17:07:11,602 [INFO] audio: Speaker mute set to True
2026-03-22 17:07:11,607 [INFO] MasterMute: State -> DEAFENED
2026-03-22 17:07:14,842 [INFO] hotkey: Short press detected (165ms)
2026-03-22 17:07:14,844 [INFO] audio: Mic mute set to False
2026-03-22 17:07:14,846 [INFO] audio: Speaker mute set to False
2026-03-22 17:07:14,848 [INFO] hotkey: Sent Discord hotkey: ctrl+shift+alt+f7
2026-03-22 17:07:14,852 [INFO] MasterMute: State -> UNMUTED (from deafened)
2026-03-22 17:07:16,286 [INFO] hotkey: Long press detected (held >= 300ms)
2026-03-22 17:07:16,289 [INFO] audio: Mic mute set to True
2026-03-22 17:07:16,291 [INFO] hotkey: Sent Discord hotkey: ctrl+shift+alt+f7
2026-03-22 17:07:16,593 [INFO] audio: Speaker mute set to True
2026-03-22 17:07:16,597 [INFO] MasterMute: State -> DEAFENED
2026-03-22 17:07:17,731 [INFO] hotkey: Short press detected (128ms)
2026-03-22 17:07:17,733 [INFO] audio: Mic mute set to False
2026-03-22 17:07:17,735 [INFO] audio: Speaker mute set to False
2026-03-22 17:07:17,738 [INFO] hotkey: Sent Discord hotkey: ctrl+shift+alt+f7
2026-03-22 17:07:17,742 [INFO] MasterMute: State -> UNMUTED (from deafened)
2026-03-22 17:07:32,061 [INFO] MasterMute: MasterMute starting...
2026-03-22 17:07:32,061 [INFO] MasterMute: Config loaded from C:\Users\Xhoni\Desktop\Coding\master-mute\config.toml
2026-03-22 17:07:32,065 [INFO] audio: Mic mute set to False
2026-03-22 17:07:32,067 [INFO] audio: Speaker mute set to False
2026-03-22 17:07:32,068 [INFO] MasterMute: Startup: forced unmuted state for sync
2026-03-22 17:07:32,121 [INFO] hotkey: Hotkey listener started for 'ctrl+shift+alt+f8'
2026-03-22 17:07:32,122 [INFO] MasterMute: MasterMute running.
2026-03-22 17:07:38,038 [INFO] hotkey: Long press detected (held >= 300ms)
2026-03-22 17:07:38,040 [INFO] audio: Mic mute set to True
2026-03-22 17:07:38,042 [INFO] hotkey: Sent Discord hotkey: ctrl+shift+alt+f7
2026-03-22 17:07:38,394 [INFO] audio: Speaker mute set to True
2026-03-22 17:07:38,398 [INFO] MasterMute: State -> DEAFENED
2026-03-22 17:07:40,019 [INFO] hotkey: Short press detected (173ms)
2026-03-22 17:07:40,021 [INFO] audio: Mic mute set to False
2026-03-22 17:07:40,023 [INFO] audio: Speaker mute set to False
2026-03-22 17:07:40,025 [INFO] hotkey: Sent Discord hotkey: ctrl+shift+alt+f7
2026-03-22 17:07:40,030 [INFO] MasterMute: State -> UNMUTED (from deafened)
2026-03-22 17:07:41,258 [INFO] hotkey: Long press detected (held >= 300ms)
2026-03-22 17:07:41,261 [INFO] audio: Mic mute set to True
2026-03-22 17:07:41,263 [INFO] hotkey: Sent Discord hotkey: ctrl+shift+alt+f7
2026-03-22 17:07:41,615 [INFO] audio: Speaker mute set to True
2026-03-22 17:07:41,620 [INFO] MasterMute: State -> DEAFENED
2026-03-22 17:07:43,187 [INFO] hotkey: Short press detected (209ms)
2026-03-22 17:07:43,189 [INFO] audio: Mic mute set to False
2026-03-22 17:07:43,190 [INFO] audio: Speaker mute set to False
2026-03-22 17:07:43,193 [INFO] hotkey: Sent Discord hotkey: ctrl+shift+alt+f7
2026-03-22 17:07:43,198 [INFO] MasterMute: State -> UNMUTED (from deafened)
2026-03-22 17:07:53,424 [INFO] MasterMute: MasterMute starting...
2026-03-22 17:07:53,424 [INFO] MasterMute: Config loaded from C:\Users\Xhoni\Desktop\Coding\master-mute\config.toml
2026-03-22 17:07:53,428 [INFO] audio: Mic mute set to False
2026-03-22 17:07:53,430 [INFO] audio: Speaker mute set to False
2026-03-22 17:07:53,430 [INFO] MasterMute: Startup: forced unmuted state for sync
2026-03-22 17:07:53,484 [INFO] hotkey: Hotkey listener started for 'ctrl+shift+alt+f8'
2026-03-22 17:07:53,484 [INFO] MasterMute: MasterMute running.
2026-03-22 17:08:01,999 [INFO] hotkey: Long press detected (held >= 300ms)
2026-03-22 17:08:02,002 [INFO] audio: Mic mute set to True
2026-03-22 17:08:02,004 [INFO] hotkey: Sent Discord hotkey: ctrl+shift+alt+f7
2026-03-22 17:08:02,381 [INFO] audio: Speaker mute set to True
2026-03-22 17:08:02,386 [INFO] MasterMute: State -> DEAFENED
2026-03-22 17:08:03,599 [INFO] hotkey: Short press detected (188ms)
2026-03-22 17:08:03,601 [INFO] audio: Mic mute set to False
2026-03-22 17:08:03,603 [INFO] audio: Speaker mute set to False
2026-03-22 17:08:03,605 [INFO] hotkey: Sent Discord hotkey: ctrl+shift+alt+f7
2026-03-22 17:08:03,610 [INFO] MasterMute: State -> UNMUTED (from deafened)
2026-03-22 17:08:14,470 [INFO] MasterMute: MasterMute starting...
2026-03-22 17:08:14,470 [INFO] MasterMute: Config loaded from C:\Users\Xhoni\Desktop\Coding\master-mute\config.toml
2026-03-22 17:08:14,474 [INFO] audio: Mic mute set to False
2026-03-22 17:08:14,476 [INFO] audio: Speaker mute set to False
2026-03-22 17:08:14,476 [INFO] MasterMute: Startup: forced unmuted state for sync
2026-03-22 17:08:14,529 [INFO] hotkey: Hotkey listener started for 'ctrl+shift+alt+f8'
2026-03-22 17:08:14,529 [INFO] MasterMute: MasterMute running.
2026-03-22 17:08:17,297 [INFO] hotkey: Long press detected (held >= 300ms)
2026-03-22 17:08:17,300 [INFO] audio: Mic mute set to True
2026-03-22 17:08:17,302 [INFO] hotkey: Sent Discord hotkey: ctrl+shift+alt+f7
2026-03-22 17:08:17,705 [INFO] audio: Speaker mute set to True
2026-03-22 17:08:17,708 [INFO] MasterMute: State -> DEAFENED
2026-03-22 17:08:19,567 [INFO] hotkey: Short press detected (148ms)
2026-03-22 17:08:19,569 [INFO] audio: Mic mute set to False
2026-03-22 17:08:19,571 [INFO] audio: Speaker mute set to False
2026-03-22 17:08:19,573 [INFO] hotkey: Sent Discord hotkey: ctrl+shift+alt+f7
2026-03-22 17:08:19,578 [INFO] MasterMute: State -> UNMUTED (from deafened)
2026-03-22 17:08:20,797 [INFO] hotkey: Long press detected (held >= 300ms)
2026-03-22 17:08:20,799 [INFO] audio: Mic mute set to True
2026-03-22 17:08:20,801 [INFO] hotkey: Sent Discord hotkey: ctrl+shift+alt+f7
2026-03-22 17:08:21,204 [INFO] audio: Speaker mute set to True
2026-03-22 17:08:21,207 [INFO] MasterMute: State -> DEAFENED
2026-03-22 17:08:22,393 [INFO] hotkey: Short press detected (191ms)
2026-03-22 17:08:22,395 [INFO] audio: Mic mute set to False
2026-03-22 17:08:22,397 [INFO] audio: Speaker mute set to False
2026-03-22 17:08:22,399 [INFO] hotkey: Sent Discord hotkey: ctrl+shift+alt+f7
2026-03-22 17:08:22,404 [INFO] MasterMute: State -> UNMUTED (from deafened)
2026-03-22 17:08:33,824 [INFO] MasterMute: MasterMute starting...
2026-03-22 17:08:33,824 [INFO] MasterMute: Config loaded from C:\Users\Xhoni\Desktop\Coding\master-mute\config.toml
2026-03-22 17:08:33,829 [INFO] audio: Mic mute set to False
2026-03-22 17:08:33,831 [INFO] audio: Speaker mute set to False
2026-03-22 17:08:33,831 [INFO] MasterMute: Startup: forced unmuted state for sync
2026-03-22 17:08:33,881 [INFO] hotkey: Hotkey listener started for 'ctrl+shift+alt+f8'
2026-03-22 17:08:33,881 [INFO] MasterMute: MasterMute running.
2026-03-22 17:08:38,087 [INFO] hotkey: Long press detected (held >= 300ms)
2026-03-22 17:08:38,089 [INFO] audio: Mic mute set to True
2026-03-22 17:08:38,091 [INFO] hotkey: Sent Discord hotkey: ctrl+shift+alt+f7
2026-03-22 17:08:38,544 [INFO] audio: Speaker mute set to True
2026-03-22 17:08:38,549 [INFO] MasterMute: State -> DEAFENED
2026-03-22 17:08:39,664 [INFO] hotkey: Short press detected (173ms)
2026-03-22 17:08:39,666 [INFO] audio: Mic mute set to False
2026-03-22 17:08:39,668 [INFO] audio: Speaker mute set to False
2026-03-22 17:08:39,670 [INFO] hotkey: Sent Discord hotkey: ctrl+shift+alt+f7
2026-03-22 17:08:39,673 [INFO] MasterMute: State -> UNMUTED (from deafened)
2026-03-22 17:08:50,243 [INFO] MasterMute: MasterMute starting...
2026-03-22 17:08:50,244 [INFO] MasterMute: Config loaded from C:\Users\Xhoni\Desktop\Coding\master-mute\config.toml
2026-03-22 17:08:50,248 [INFO] audio: Mic mute set to False
2026-03-22 17:08:50,250 [INFO] audio: Speaker mute set to False
2026-03-22 17:08:50,250 [INFO] MasterMute: Startup: forced unmuted state for sync
2026-03-22 17:08:50,300 [INFO] hotkey: Hotkey listener started for 'ctrl+shift+alt+f8'
2026-03-22 17:08:50,300 [INFO] MasterMute: MasterMute running.
2026-03-22 17:08:55,522 [INFO] hotkey: Long press detected (held >= 300ms)
2026-03-22 17:08:55,524 [INFO] audio: Mic mute set to True
2026-03-22 17:08:55,526 [INFO] hotkey: Sent Discord hotkey: ctrl+shift+alt+f7
2026-03-22 17:08:56,028 [INFO] audio: Speaker mute set to True
2026-03-22 17:08:56,032 [INFO] MasterMute: State -> DEAFENED
2026-03-22 17:08:57,242 [INFO] hotkey: Short press detected (150ms)
2026-03-22 17:08:57,244 [INFO] audio: Mic mute set to False
2026-03-22 17:08:57,246 [INFO] audio: Speaker mute set to False
2026-03-22 17:08:57,249 [INFO] hotkey: Sent Discord hotkey: ctrl+shift+alt+f7
2026-03-22 17:08:57,253 [INFO] MasterMute: State -> UNMUTED (from deafened)
2026-03-22 17:09:30,780 [INFO] hotkey: Long press detected (held >= 300ms)
2026-03-22 17:09:30,783 [INFO] audio: Mic mute set to True
2026-03-22 17:09:30,785 [INFO] hotkey: Sent Discord hotkey: ctrl+shift+alt+f7
2026-03-22 17:09:31,288 [INFO] audio: Speaker mute set to True
2026-03-22 17:09:31,293 [INFO] MasterMute: State -> DEAFENED
2026-03-22 17:09:33,290 [INFO] hotkey: Short press detected (162ms)
2026-03-22 17:09:33,292 [INFO] audio: Mic mute set to False
2026-03-22 17:09:33,294 [INFO] audio: Speaker mute set to False
2026-03-22 17:09:33,297 [INFO] hotkey: Sent Discord hotkey: ctrl+shift+alt+f7
2026-03-22 17:09:33,301 [INFO] MasterMute: State -> UNMUTED (from deafened)
2026-03-22 17:09:40,309 [INFO] hotkey: Short press detected (93ms)
2026-03-22 17:09:40,311 [INFO] audio: Mic mute set to True
2026-03-22 17:09:40,313 [INFO] hotkey: Sent Discord hotkey: ctrl+shift+alt+f9
2026-03-22 17:09:40,318 [INFO] MasterMute: State -> MUTED
2026-03-22 17:09:42,189 [INFO] hotkey: Short press detected (129ms)
2026-03-22 17:09:42,191 [INFO] audio: Mic mute set to False
2026-03-22 17:09:42,193 [INFO] hotkey: Sent Discord hotkey: ctrl+shift+alt+f9
2026-03-22 17:09:42,198 [INFO] MasterMute: State -> UNMUTED
2026-03-22 17:09:43,572 [INFO] hotkey: Long press detected (held >= 300ms)
2026-03-22 17:09:43,575 [INFO] audio: Mic mute set to True
2026-03-22 17:09:43,577 [INFO] hotkey: Sent Discord hotkey: ctrl+shift+alt+f7
2026-03-22 17:09:44,079 [INFO] audio: Speaker mute set to True
2026-03-22 17:09:44,085 [INFO] MasterMute: State -> DEAFENED
2026-03-22 17:09:46,060 [INFO] hotkey: Short press detected (144ms)
2026-03-22 17:09:46,062 [INFO] audio: Mic mute set to False
2026-03-22 17:09:46,064 [INFO] audio: Speaker mute set to False
2026-03-22 17:09:46,067 [INFO] hotkey: Sent Discord hotkey: ctrl+shift+alt+f7
2026-03-22 17:09:46,070 [INFO] MasterMute: State -> UNMUTED (from deafened)
2026-03-22 17:25:49,002 [INFO] MasterMute: MasterMute starting...
2026-03-22 17:25:49,002 [INFO] MasterMute: Config loaded from C:\Users\Xhoni\Desktop\Coding\master-mute\config.toml
2026-03-22 17:25:49,007 [INFO] audio: Mic mute set to False
2026-03-22 17:25:49,009 [INFO] audio: Speaker mute set to False
2026-03-22 17:25:49,009 [INFO] MasterMute: Startup: forced unmuted state for sync
2026-03-22 17:25:49,579 [INFO] chroma: Chroma SDK session established: http://localhost:59374/chromasdk
2026-03-22 17:25:49,579 [INFO] MasterMute: Chroma SDK connected
2026-03-22 17:25:49,638 [INFO] hotkey: Hotkey listener started for 'ctrl+shift+alt+f8'
2026-03-22 17:25:49,638 [INFO] MasterMute: MasterMute running.
2026-03-22 17:26:08,816 [INFO] hotkey: Short press detected (174ms)
2026-03-22 17:26:08,818 [INFO] audio: Mic mute set to True
2026-03-22 17:26:08,820 [INFO] hotkey: Sent Discord hotkey: ctrl+shift+alt+f9
2026-03-22 17:26:08,829 [INFO] MasterMute: State -> MUTED
2026-03-22 17:26:15,588 [INFO] hotkey: Short press detected (147ms)
2026-03-22 17:26:15,590 [INFO] audio: Mic mute set to False
2026-03-22 17:26:15,592 [INFO] hotkey: Sent Discord hotkey: ctrl+shift+alt+f9
2026-03-22 17:26:15,597 [INFO] MasterMute: State -> UNMUTED
2026-03-22 17:26:28,530 [INFO] hotkey: Short press detected (142ms)
2026-03-22 17:26:28,532 [INFO] audio: Mic mute set to True
2026-03-22 17:26:28,534 [INFO] hotkey: Sent Discord hotkey: ctrl+shift+alt+f9
2026-03-22 17:26:28,538 [INFO] MasterMute: State -> MUTED
2026-03-22 17:26:33,346 [INFO] hotkey: Short press detected (155ms)
2026-03-22 17:26:33,348 [INFO] audio: Mic mute set to False
2026-03-22 17:26:33,350 [INFO] hotkey: Sent Discord hotkey: ctrl+shift+alt+f9
2026-03-22 17:26:33,355 [INFO] MasterMute: State -> UNMUTED
2026-03-22 17:26:49,117 [INFO] hotkey: Long press detected (held >= 300ms)
2026-03-22 17:26:49,119 [INFO] audio: Mic mute set to True
2026-03-22 17:26:49,121 [INFO] hotkey: Sent Discord hotkey: ctrl+shift+alt+f7
2026-03-22 17:26:49,624 [INFO] audio: Speaker mute set to True
2026-03-22 17:26:49,629 [INFO] MasterMute: State -> DEAFENED
2026-03-22 17:26:53,533 [INFO] hotkey: Short press detected (154ms)
2026-03-22 17:26:53,535 [INFO] audio: Mic mute set to False
2026-03-22 17:26:53,537 [INFO] audio: Speaker mute set to False
2026-03-22 17:26:53,540 [INFO] hotkey: Sent Discord hotkey: ctrl+shift+alt+f7
2026-03-22 17:26:53,543 [INFO] MasterMute: State -> UNMUTED (from deafened)
2026-03-22 17:27:05,366 [INFO] hotkey: Short press detected (132ms)
2026-03-22 17:27:05,368 [INFO] audio: Mic mute set to True
2026-03-22 17:27:05,370 [INFO] hotkey: Sent Discord hotkey: ctrl+shift+alt+f9
2026-03-22 17:27:05,374 [INFO] MasterMute: State -> MUTED
2026-03-22 17:27:08,907 [INFO] hotkey: Short press detected (130ms)
2026-03-22 17:27:08,909 [INFO] audio: Mic mute set to False
2026-03-22 17:27:08,911 [INFO] hotkey: Sent Discord hotkey: ctrl+shift+alt+f9
2026-03-22 17:27:08,918 [INFO] MasterMute: State -> UNMUTED
2026-03-22 17:27:11,166 [INFO] hotkey: Long press detected (held >= 300ms)
2026-03-22 17:27:11,168 [INFO] audio: Mic mute set to True
2026-03-22 17:27:11,170 [INFO] hotkey: Sent Discord hotkey: ctrl+shift+alt+f7
2026-03-22 17:27:11,672 [INFO] audio: Speaker mute set to True
2026-03-22 17:27:11,678 [INFO] MasterMute: State -> DEAFENED
2026-03-22 17:27:15,059 [INFO] hotkey: Short press detected (144ms)
2026-03-22 17:27:15,061 [INFO] audio: Mic mute set to False
2026-03-22 17:27:15,063 [INFO] audio: Speaker mute set to False
2026-03-22 17:27:15,066 [INFO] hotkey: Sent Discord hotkey: ctrl+shift+alt+f7
2026-03-22 17:27:15,071 [INFO] MasterMute: State -> UNMUTED (from deafened)
2026-03-22 17:28:08,871 [INFO] MasterMute: MasterMute starting...
2026-03-22 17:28:08,871 [INFO] MasterMute: Config loaded from C:\Users\Xhoni\Desktop\Coding\master-mute\config.toml
2026-03-22 17:28:08,876 [INFO] audio: Mic mute set to False
2026-03-22 17:28:08,878 [INFO] audio: Speaker mute set to False
2026-03-22 17:28:08,878 [INFO] MasterMute: Startup: forced unmuted state for sync
2026-03-22 17:28:09,445 [INFO] chroma: Chroma SDK session established: http://localhost:57395/chromasdk
2026-03-22 17:28:09,445 [INFO] MasterMute: Chroma SDK connected
2026-03-22 17:28:09,499 [INFO] hotkey: Hotkey listener started for 'ctrl+shift+alt+f8'
2026-03-22 17:28:09,499 [INFO] MasterMute: MasterMute running.
2026-03-22 17:28:25,136 [INFO] hotkey: Short press detected (137ms)
2026-03-22 17:28:25,139 [INFO] audio: Mic mute set to True
2026-03-22 17:28:25,141 [INFO] hotkey: Sent Discord hotkey: ctrl+shift+alt+f9
2026-03-22 17:28:25,141 [INFO] chroma: Keyboard set to solid mute color (all red)
2026-03-22 17:28:25,146 [INFO] MasterMute: State -> MUTED
2026-03-22 17:28:30,711 [INFO] hotkey: Short press detected (129ms)
2026-03-22 17:28:30,713 [INFO] audio: Mic mute set to False
2026-03-22 17:28:30,716 [INFO] hotkey: Sent Discord hotkey: ctrl+shift+alt+f9
2026-03-22 17:28:30,721 [INFO] MasterMute: State -> UNMUTED
2026-03-22 17:28:33,253 [INFO] hotkey: Long press detected (held >= 300ms)
2026-03-22 17:28:33,255 [INFO] audio: Mic mute set to True
2026-03-22 17:28:33,257 [INFO] hotkey: Sent Discord hotkey: ctrl+shift+alt+f7
2026-03-22 17:28:33,760 [INFO] audio: Speaker mute set to True
2026-03-22 17:28:33,760 [INFO] chroma: Keyboard set to deafen (blackout + mute button flashing)
2026-03-22 17:28:33,765 [INFO] MasterMute: State -> DEAFENED
2026-03-22 17:28:37,585 [INFO] hotkey: Short press detected (129ms)
2026-03-22 17:28:37,587 [INFO] audio: Mic mute set to False
2026-03-22 17:28:37,589 [INFO] audio: Speaker mute set to False
2026-03-22 17:28:37,591 [INFO] hotkey: Sent Discord hotkey: ctrl+shift+alt+f7
2026-03-22 17:28:37,598 [INFO] MasterMute: State -> UNMUTED (from deafened)
2026-03-22 17:28:56,411 [INFO] hotkey: Short press detected (157ms)
2026-03-22 17:28:56,413 [INFO] audio: Mic mute set to True
2026-03-22 17:28:56,416 [INFO] hotkey: Sent Discord hotkey: ctrl+shift+alt+f9
2026-03-22 17:28:56,416 [INFO] chroma: Keyboard set to solid mute color (all red)
2026-03-22 17:28:56,420 [INFO] MasterMute: State -> MUTED
2026-03-22 17:28:57,334 [INFO] hotkey: Short press detected (119ms)
2026-03-22 17:28:57,337 [INFO] audio: Mic mute set to False
2026-03-22 17:28:57,338 [INFO] hotkey: Sent Discord hotkey: ctrl+shift+alt+f9
2026-03-22 17:28:57,345 [INFO] MasterMute: State -> UNMUTED
2026-03-22 17:29:08,709 [INFO] hotkey: Long press detected (held >= 300ms)
2026-03-22 17:29:08,711 [INFO] audio: Mic mute set to True
2026-03-22 17:29:08,713 [INFO] hotkey: Sent Discord hotkey: ctrl+shift+alt+f7
2026-03-22 17:29:09,216 [INFO] audio: Speaker mute set to True
2026-03-22 17:29:09,216 [INFO] chroma: Keyboard set to deafen (blackout + mute button flashing)
2026-03-22 17:29:09,221 [INFO] MasterMute: State -> DEAFENED
2026-03-22 17:29:11,211 [INFO] hotkey: Short press detected (147ms)
2026-03-22 17:29:11,214 [INFO] audio: Mic mute set to False
2026-03-22 17:29:11,216 [INFO] audio: Speaker mute set to False
2026-03-22 17:29:11,218 [INFO] hotkey: Sent Discord hotkey: ctrl+shift+alt+f7
2026-03-22 17:29:11,225 [INFO] MasterMute: State -> UNMUTED (from deafened)
2026-03-22 17:31:14,035 [INFO] MasterMute: MasterMute starting...
2026-03-22 17:31:14,035 [INFO] MasterMute: Config loaded from C:\Users\Xhoni\Desktop\Coding\master-mute\config.toml
2026-03-22 17:31:14,039 [INFO] audio: Mic mute set to False
2026-03-22 17:31:14,042 [INFO] audio: Speaker mute set to False
2026-03-22 17:31:14,042 [INFO] MasterMute: Startup: forced unmuted state for sync
2026-03-22 17:31:14,554 [INFO] chroma: Chroma SDK session established: http://localhost:55829/chromasdk
2026-03-22 17:31:14,554 [INFO] MasterMute: Chroma SDK connected
2026-03-22 17:31:15,066 [INFO] chroma: Chroma SDK session established: http://localhost:57514/chromasdk
2026-03-22 17:31:15,121 [INFO] hotkey: Hotkey listener started for 'ctrl+shift+alt+f8'
2026-03-22 17:31:15,121 [INFO] MasterMute: MasterMute running.
2026-03-22 17:32:10,297 [INFO] MasterMute: MasterMute starting...
2026-03-22 17:32:10,297 [INFO] MasterMute: Config loaded from C:\Users\Xhoni\Desktop\Coding\master-mute\config.toml
2026-03-22 17:32:10,301 [INFO] audio: Mic mute set to False
2026-03-22 17:32:10,303 [INFO] audio: Speaker mute set to False
2026-03-22 17:32:10,304 [INFO] MasterMute: Startup: forced unmuted state for sync
2026-03-22 17:32:10,817 [INFO] chroma: Chroma SDK session established: http://localhost:59345/chromasdk
2026-03-22 17:32:10,817 [INFO] MasterMute: Chroma SDK connected
2026-03-22 17:32:10,871 [INFO] hotkey: Hotkey listener started for 'ctrl+shift+alt+f8'
2026-03-22 17:32:10,871 [INFO] MasterMute: MasterMute running.
2026-03-22 17:33:39,551 [INFO] MasterMute: MasterMute starting...
2026-03-22 17:33:39,551 [INFO] MasterMute: Config loaded from C:\Users\Xhoni\Desktop\Coding\master-mute\config.toml
2026-03-22 17:33:39,555 [INFO] audio: Mic mute set to False
2026-03-22 17:33:39,558 [INFO] audio: Speaker mute set to False
2026-03-22 17:33:39,558 [INFO] MasterMute: Startup: forced unmuted state for sync
2026-03-22 17:33:39,558 [INFO] MasterMute: Chroma SDK ready (will connect on first mute/deafen)
2026-03-22 17:33:39,608 [INFO] hotkey: Hotkey listener started for 'ctrl+shift+alt+f8'
2026-03-22 17:33:39,609 [INFO] MasterMute: MasterMute running.
2026-03-22 17:33:46,371 [INFO] hotkey: Short press detected (129ms)
2026-03-22 17:33:46,374 [INFO] audio: Mic mute set to True
2026-03-22 17:33:46,376 [INFO] hotkey: Sent Discord hotkey: ctrl+shift+alt+f9
2026-03-22 17:33:46,948 [INFO] chroma: Chroma SDK session established: http://localhost:61752/chromasdk
2026-03-22 17:33:46,948 [INFO] chroma: Keyboard set to solid mute color (all red)
2026-03-22 17:33:46,957 [INFO] MasterMute: State -> MUTED
2026-03-22 17:33:49,767 [INFO] hotkey: Short press detected (115ms)
2026-03-22 17:33:49,769 [INFO] audio: Mic mute set to False
2026-03-22 17:33:49,771 [INFO] hotkey: Sent Discord hotkey: ctrl+shift+alt+f9
2026-03-22 17:33:49,777 [INFO] MasterMute: State -> UNMUTED
2026-03-22 17:33:51,274 [INFO] hotkey: Short press detected (118ms)
2026-03-22 17:33:51,276 [INFO] audio: Mic mute set to True
2026-03-22 17:33:51,278 [INFO] hotkey: Sent Discord hotkey: ctrl+shift+alt+f9
2026-03-22 17:33:51,845 [INFO] chroma: Chroma SDK session established: http://localhost:61388/chromasdk
2026-03-22 17:33:51,846 [INFO] chroma: Keyboard set to solid mute color (all red)
2026-03-22 17:33:51,850 [INFO] MasterMute: State -> MUTED
2026-03-22 17:33:54,770 [INFO] hotkey: Short press detected (157ms)
2026-03-22 17:33:54,772 [INFO] audio: Mic mute set to False
2026-03-22 17:33:54,774 [INFO] hotkey: Sent Discord hotkey: ctrl+shift+alt+f9
2026-03-22 17:33:54,780 [INFO] MasterMute: State -> UNMUTED
2026-03-22 17:33:56,019 [INFO] hotkey: Long press detected (held >= 300ms)
2026-03-22 17:33:56,021 [INFO] audio: Mic mute set to True
2026-03-22 17:33:56,023 [INFO] hotkey: Sent Discord hotkey: ctrl+shift+alt+f7
2026-03-22 17:33:56,525 [INFO] audio: Speaker mute set to True
2026-03-22 17:33:57,090 [INFO] chroma: Chroma SDK session established: http://localhost:62149/chromasdk
2026-03-22 17:33:57,091 [INFO] chroma: Keyboard set to deafen (blackout + mute button flashing)
2026-03-22 17:33:57,094 [INFO] MasterMute: State -> DEAFENED
2026-03-22 17:34:01,569 [INFO] hotkey: Short press detected (139ms)
2026-03-22 17:34:01,571 [INFO] audio: Mic mute set to False
2026-03-22 17:34:01,573 [INFO] audio: Speaker mute set to False
2026-03-22 17:34:01,576 [INFO] hotkey: Sent Discord hotkey: ctrl+shift+alt+f7
2026-03-22 17:34:01,581 [INFO] MasterMute: State -> UNMUTED (from deafened)
2026-03-22 17:36:44,313 [INFO] MasterMute: MasterMute starting...
2026-03-22 17:36:44,313 [INFO] MasterMute: Config loaded from C:\Users\Xhoni\Desktop\Coding\master-mute\config.toml
2026-03-22 17:36:44,319 [INFO] audio: Mic mute set to False
2026-03-22 17:36:44,321 [INFO] audio: Speaker mute set to False
2026-03-22 17:36:44,321 [INFO] MasterMute: Startup: forced unmuted state for sync
2026-03-22 17:36:44,887 [INFO] chroma: Chroma SDK session established: http://localhost:53047/chromasdk
2026-03-22 17:36:44,887 [INFO] MasterMute: Chroma SDK connected (Synapse still in control)
2026-03-22 17:36:44,949 [INFO] hotkey: Hotkey listener started for 'ctrl+shift+alt+f8'
2026-03-22 17:36:44,949 [INFO] MasterMute: MasterMute running.
2026-03-22 17:36:49,810 [INFO] hotkey: Short press detected (122ms)
2026-03-22 17:36:49,812 [INFO] audio: Mic mute set to True
2026-03-22 17:36:49,814 [INFO] hotkey: Sent Discord hotkey: ctrl+shift+alt+f9
2026-03-22 17:36:49,815 [INFO] chroma: Keyboard set to solid mute color (all red)
2026-03-22 17:36:49,819 [INFO] MasterMute: State -> MUTED
2026-03-22 17:36:52,097 [INFO] hotkey: Short press detected (121ms)
2026-03-22 17:36:52,099 [INFO] audio: Mic mute set to False
2026-03-22 17:36:52,101 [INFO] hotkey: Sent Discord hotkey: ctrl+shift+alt+f9
2026-03-22 17:36:52,610 [INFO] chroma: Chroma SDK session established: http://localhost:62072/chromasdk
2026-03-22 17:36:52,614 [INFO] MasterMute: State -> UNMUTED
2026-03-22 17:36:57,137 [INFO] hotkey: Long press detected (held >= 300ms)
2026-03-22 17:36:57,139 [INFO] audio: Mic mute set to True
2026-03-22 17:36:57,141 [INFO] hotkey: Sent Discord hotkey: ctrl+shift+alt+f7
2026-03-22 17:36:57,644 [INFO] audio: Speaker mute set to True
2026-03-22 17:36:57,645 [INFO] chroma: Keyboard set to deafen (blackout + mute button flashing)
2026-03-22 17:36:57,648 [INFO] MasterMute: State -> DEAFENED
2026-03-22 17:36:59,723 [INFO] hotkey: Short press detected (133ms)
2026-03-22 17:36:59,725 [INFO] audio: Mic mute set to False
2026-03-22 17:36:59,727 [INFO] audio: Speaker mute set to False
2026-03-22 17:36:59,729 [INFO] hotkey: Sent Discord hotkey: ctrl+shift+alt+f7
2026-03-22 17:37:00,239 [INFO] chroma: Chroma SDK session established: http://localhost:54204/chromasdk
2026-03-22 17:37:00,242 [INFO] MasterMute: State -> UNMUTED (from deafened)
2026-03-22 17:38:01,466 [INFO] MasterMute: MasterMute starting...
2026-03-22 17:38:01,466 [INFO] MasterMute: Config loaded from C:\Users\Xhoni\Desktop\Coding\master-mute\config.toml
2026-03-22 17:38:01,470 [INFO] audio: Mic mute set to False
2026-03-22 17:38:01,473 [INFO] audio: Speaker mute set to False
2026-03-22 17:38:01,473 [INFO] MasterMute: Startup: forced unmuted state for sync
2026-03-22 17:38:01,984 [INFO] chroma: Chroma SDK session established: http://localhost:59245/chromasdk
2026-03-22 17:38:01,984 [INFO] MasterMute: Chroma SDK connected (Synapse still in control)
2026-03-22 17:38:02,040 [INFO] hotkey: Hotkey listener started for 'ctrl+shift+alt+f8'
2026-03-22 17:38:02,040 [INFO] MasterMute: MasterMute running.
2026-03-22 17:38:11,755 [INFO] hotkey: Short press detected (102ms)
2026-03-22 17:38:11,757 [INFO] audio: Mic mute set to True
2026-03-22 17:38:11,760 [INFO] hotkey: Sent Discord hotkey: ctrl+shift+alt+f9
2026-03-22 17:38:11,760 [INFO] chroma: Keyboard set to solid mute color (all red)
2026-03-22 17:38:11,764 [INFO] MasterMute: State -> MUTED
2026-03-22 17:38:13,034 [INFO] hotkey: Short press detected (135ms)
2026-03-22 17:38:13,036 [INFO] audio: Mic mute set to False
2026-03-22 17:38:13,038 [INFO] hotkey: Sent Discord hotkey: ctrl+shift+alt+f9
2026-03-22 17:38:13,039 [INFO] chroma: Keyboard set to unmute color
2026-03-22 17:38:13,044 [INFO] MasterMute: State -> UNMUTED
2026-03-22 17:38:14,692 [INFO] hotkey: Long press detected (held >= 300ms)
2026-03-22 17:38:14,694 [INFO] audio: Mic mute set to True
2026-03-22 17:38:14,696 [INFO] hotkey: Sent Discord hotkey: ctrl+shift+alt+f7
2026-03-22 17:38:15,199 [INFO] audio: Speaker mute set to True
2026-03-22 17:38:15,200 [INFO] chroma: Keyboard set to deafen (blackout + mute button flashing)
2026-03-22 17:38:15,205 [INFO] MasterMute: State -> DEAFENED
2026-03-22 17:38:17,426 [INFO] hotkey: Short press detected (131ms)
2026-03-22 17:38:17,428 [INFO] audio: Mic mute set to False
2026-03-22 17:38:17,431 [INFO] audio: Speaker mute set to False
2026-03-22 17:38:17,434 [INFO] hotkey: Sent Discord hotkey: ctrl+shift+alt+f7
2026-03-22 17:38:17,434 [INFO] chroma: Keyboard set to unmute color
2026-03-22 17:38:17,438 [INFO] MasterMute: State -> UNMUTED (from deafened)
2026-03-22 17:38:19,548 [INFO] hotkey: Short press detected (115ms)
2026-03-22 17:38:19,550 [INFO] audio: Mic mute set to True
2026-03-22 17:38:19,552 [INFO] hotkey: Sent Discord hotkey: ctrl+shift+alt+f9
2026-03-22 17:38:19,553 [INFO] chroma: Keyboard set to solid mute color (all red)
2026-03-22 17:38:19,558 [INFO] MasterMute: State -> MUTED
2026-03-22 17:38:20,691 [INFO] hotkey: Short press detected (125ms)
2026-03-22 17:38:20,693 [INFO] audio: Mic mute set to False
2026-03-22 17:38:20,695 [INFO] hotkey: Sent Discord hotkey: ctrl+shift+alt+f9
2026-03-22 17:38:20,696 [INFO] chroma: Keyboard set to unmute color
2026-03-22 17:38:20,701 [INFO] MasterMute: State -> UNMUTED
2026-03-22 17:38:21,785 [INFO] hotkey: Long press detected (held >= 300ms)
2026-03-22 17:38:21,787 [INFO] audio: Mic mute set to True
2026-03-22 17:38:21,789 [INFO] hotkey: Sent Discord hotkey: ctrl+shift+alt+f7
2026-03-22 17:38:22,292 [INFO] audio: Speaker mute set to True
2026-03-22 17:38:22,293 [INFO] chroma: Keyboard set to deafen (blackout + mute button flashing)
2026-03-22 17:38:22,297 [INFO] MasterMute: State -> DEAFENED
2026-03-22 17:38:23,496 [INFO] hotkey: Short press detected (125ms)
2026-03-22 17:38:23,498 [INFO] audio: Mic mute set to False
2026-03-22 17:38:23,500 [INFO] audio: Speaker mute set to False
2026-03-22 17:38:23,503 [INFO] hotkey: Sent Discord hotkey: ctrl+shift+alt+f7
2026-03-22 17:38:23,503 [INFO] chroma: Keyboard set to unmute color
2026-03-22 17:38:23,507 [INFO] MasterMute: State -> UNMUTED (from deafened)
2026-03-22 17:40:11,523 [INFO] MasterMute: MasterMute starting...
2026-03-22 17:40:11,523 [INFO] MasterMute: Config loaded from C:\Users\Xhoni\Desktop\Coding\master-mute\config.toml
2026-03-22 17:40:11,528 [INFO] audio: Mic mute set to False
2026-03-22 17:40:11,529 [INFO] audio: Speaker mute set to False
2026-03-22 17:40:11,530 [INFO] MasterMute: Startup: forced unmuted state for sync
2026-03-22 17:40:12,040 [INFO] chroma: Chroma SDK session established: http://localhost:57940/chromasdk
2026-03-22 17:40:12,041 [INFO] MasterMute: Chroma SDK connected (Synapse still in control)
2026-03-22 17:40:12,094 [INFO] hotkey: Hotkey listener started for 'ctrl+shift+alt+f8'
2026-03-22 17:40:12,094 [INFO] MasterMute: MasterMute running.
2026-03-22 17:40:24,402 [INFO] hotkey: Short press detected (107ms)
2026-03-22 17:40:24,404 [INFO] audio: Mic mute set to True
2026-03-22 17:40:24,406 [INFO] hotkey: Sent Discord hotkey: ctrl+shift+alt+f9
2026-03-22 17:40:24,407 [INFO] chroma: Keyboard set to solid mute color (all red)
2026-03-22 17:40:24,410 [INFO] MasterMute: State -> MUTED
2026-03-22 17:40:25,904 [INFO] hotkey: Short press detected (120ms)
2026-03-22 17:40:25,907 [INFO] audio: Mic mute set to False
2026-03-22 17:40:25,909 [INFO] hotkey: Sent Discord hotkey: ctrl+shift+alt+f9
2026-03-22 17:40:25,911 [INFO] chroma: Session released to Synapse, reconnecting in background
2026-03-22 17:40:25,915 [INFO] MasterMute: State -> UNMUTED
2026-03-22 17:40:26,504 [INFO] chroma: Chroma SDK session established: http://localhost:55833/chromasdk
2026-03-22 17:40:27,967 [INFO] hotkey: Long press detected (held >= 300ms)
2026-03-22 17:40:27,969 [INFO] audio: Mic mute set to True
2026-03-22 17:40:27,971 [INFO] hotkey: Sent Discord hotkey: ctrl+shift+alt+f7
2026-03-22 17:40:28,474 [INFO] audio: Speaker mute set to True
2026-03-22 17:40:28,474 [INFO] chroma: Keyboard set to deafen (blackout + mute button flashing)
2026-03-22 17:40:28,478 [INFO] MasterMute: State -> DEAFENED
2026-03-22 17:40:29,802 [INFO] hotkey: Short press detected (108ms)
2026-03-22 17:40:29,804 [INFO] audio: Mic mute set to False
2026-03-22 17:40:29,806 [INFO] audio: Speaker mute set to False
2026-03-22 17:40:29,808 [INFO] hotkey: Sent Discord hotkey: ctrl+shift+alt+f7
2026-03-22 17:40:29,810 [INFO] chroma: Session released to Synapse, reconnecting in background
2026-03-22 17:40:29,813 [INFO] MasterMute: State -> UNMUTED (from deafened)
2026-03-22 17:40:30,318 [INFO] chroma: Chroma SDK session established: http://localhost:52102/chromasdk
2026-03-22 17:40:31,271 [INFO] hotkey: Short press detected (105ms)
2026-03-22 17:40:31,274 [INFO] audio: Mic mute set to True
2026-03-22 17:40:31,276 [INFO] hotkey: Sent Discord hotkey: ctrl+shift+alt+f9
2026-03-22 17:40:31,276 [INFO] chroma: Keyboard set to solid mute color (all red)
2026-03-22 17:40:31,281 [INFO] MasterMute: State -> MUTED
2026-03-22 17:40:32,199 [INFO] hotkey: Short press detected (101ms)
2026-03-22 17:40:32,202 [INFO] audio: Mic mute set to False
2026-03-22 17:40:32,204 [INFO] hotkey: Sent Discord hotkey: ctrl+shift+alt+f9
2026-03-22 17:40:32,206 [INFO] chroma: Session released to Synapse, reconnecting in background
2026-03-22 17:40:32,209 [INFO] MasterMute: State -> UNMUTED
2026-03-22 17:40:32,714 [INFO] chroma: Chroma SDK session established: http://localhost:59910/chromasdk
2026-03-22 17:40:33,248 [INFO] hotkey: Short press detected (105ms)
2026-03-22 17:40:33,251 [INFO] audio: Mic mute set to True
2026-03-22 17:40:33,253 [INFO] hotkey: Sent Discord hotkey: ctrl+shift+alt+f9
2026-03-22 17:40:33,253 [INFO] chroma: Keyboard set to solid mute color (all red)
2026-03-22 17:40:33,257 [INFO] MasterMute: State -> MUTED
2026-03-22 17:40:33,967 [INFO] hotkey: Short press detected (103ms)
2026-03-22 17:40:33,969 [INFO] audio: Mic mute set to False
2026-03-22 17:40:33,971 [INFO] hotkey: Sent Discord hotkey: ctrl+shift+alt+f9
2026-03-22 17:40:33,973 [INFO] chroma: Session released to Synapse, reconnecting in background
2026-03-22 17:40:33,977 [INFO] MasterMute: State -> UNMUTED
2026-03-22 17:40:34,481 [INFO] chroma: Chroma SDK session established: http://localhost:49291/chromasdk
2026-03-22 17:40:35,136 [INFO] hotkey: Long press detected (held >= 300ms)
2026-03-22 17:40:35,139 [INFO] audio: Mic mute set to True
2026-03-22 17:40:35,141 [INFO] hotkey: Sent Discord hotkey: ctrl+shift+alt+f7
2026-03-22 17:40:35,643 [INFO] audio: Speaker mute set to True
2026-03-22 17:40:35,643 [INFO] chroma: Keyboard set to deafen (blackout + mute button flashing)
2026-03-22 17:40:35,649 [INFO] MasterMute: State -> DEAFENED
2026-03-22 17:40:36,427 [INFO] hotkey: Short press detected (116ms)
2026-03-22 17:40:36,430 [INFO] audio: Mic mute set to False
2026-03-22 17:40:36,432 [INFO] audio: Speaker mute set to False
2026-03-22 17:40:36,434 [INFO] hotkey: Sent Discord hotkey: ctrl+shift+alt+f7
2026-03-22 17:40:36,436 [INFO] chroma: Session released to Synapse, reconnecting in background
2026-03-22 17:40:36,439 [INFO] MasterMute: State -> UNMUTED (from deafened)
2026-03-22 17:40:36,944 [INFO] chroma: Chroma SDK session established: http://localhost:57354/chromasdk
2026-03-22 17:41:26,511 [INFO] MasterMute: MasterMute starting...
2026-03-22 17:41:26,511 [INFO] MasterMute: Config loaded from C:\Users\Xhoni\Desktop\Coding\master-mute\config.toml
2026-03-22 17:41:26,516 [INFO] audio: Mic mute set to False
2026-03-22 17:41:26,518 [INFO] audio: Speaker mute set to False
2026-03-22 17:41:26,518 [INFO] MasterMute: Startup: forced unmuted state for sync
2026-03-22 17:41:27,029 [INFO] chroma: Chroma SDK session established: http://localhost:57047/chromasdk
2026-03-22 17:41:27,029 [INFO] MasterMute: Chroma SDK connected (Synapse still in control)
2026-03-22 17:41:27,081 [INFO] hotkey: Hotkey listener started for 'ctrl+shift+alt+f8'
2026-03-22 17:41:27,081 [INFO] MasterMute: MasterMute running.
2026-03-22 17:41:32,943 [INFO] hotkey: Short press detected (148ms)
2026-03-22 17:41:32,945 [INFO] audio: Mic mute set to True
2026-03-22 17:41:32,947 [INFO] hotkey: Sent Discord hotkey: ctrl+shift+alt+f9
2026-03-22 17:41:32,947 [INFO] chroma: Keyboard set to solid mute color (all red)
2026-03-22 17:41:32,952 [INFO] MasterMute: State -> MUTED
2026-03-22 17:41:34,230 [INFO] hotkey: Short press detected (121ms)
2026-03-22 17:41:34,232 [INFO] audio: Mic mute set to False
2026-03-22 17:41:34,234 [INFO] hotkey: Sent Discord hotkey: ctrl+shift+alt+f9
2026-03-22 17:41:34,236 [INFO] chroma: Session released to Synapse, reconnecting in background
2026-03-22 17:41:34,239 [INFO] MasterMute: State -> UNMUTED
2026-03-22 17:41:35,803 [INFO] chroma: Chroma SDK session established: http://localhost:52752/chromasdk
2026-03-22 17:41:40,914 [INFO] hotkey: Long press detected (held >= 300ms)
2026-03-22 17:41:40,916 [INFO] audio: Mic mute set to True
2026-03-22 17:41:40,918 [INFO] hotkey: Sent Discord hotkey: ctrl+shift+alt+f7
2026-03-22 17:41:41,420 [INFO] audio: Speaker mute set to True
2026-03-22 17:41:41,421 [INFO] chroma: Keyboard set to deafen (blackout + mute button flashing)
2026-03-22 17:41:41,426 [INFO] MasterMute: State -> DEAFENED
2026-03-22 17:41:42,897 [INFO] hotkey: Short press detected (113ms)
2026-03-22 17:41:42,899 [INFO] audio: Mic mute set to False
2026-03-22 17:41:42,901 [INFO] audio: Speaker mute set to False
2026-03-22 17:41:42,903 [INFO] hotkey: Sent Discord hotkey: ctrl+shift+alt+f7
2026-03-22 17:41:42,905 [INFO] chroma: Session released to Synapse, reconnecting in background
2026-03-22 17:41:42,909 [INFO] MasterMute: State -> UNMUTED (from deafened)
2026-03-22 17:41:44,468 [INFO] chroma: Chroma SDK session established: http://localhost:64686/chromasdk
2026-03-22 17:42:06,289 [INFO] MasterMute: MasterMute starting...
2026-03-22 17:42:06,289 [INFO] MasterMute: Config loaded from C:\Users\Xhoni\Desktop\Coding\master-mute\config.toml
2026-03-22 17:42:06,293 [INFO] audio: Mic mute set to False
2026-03-22 17:42:06,295 [INFO] audio: Speaker mute set to False
2026-03-22 17:42:06,295 [INFO] MasterMute: Startup: forced unmuted state for sync
2026-03-22 17:42:06,806 [INFO] chroma: Chroma SDK session established: http://localhost:55883/chromasdk
2026-03-22 17:42:06,806 [INFO] MasterMute: Chroma SDK connected (Synapse still in control)
2026-03-22 17:42:06,860 [INFO] hotkey: Hotkey listener started for 'ctrl+shift+alt+f8'
2026-03-22 17:42:06,860 [INFO] MasterMute: MasterMute running.
2026-03-22 17:42:14,187 [INFO] hotkey: Short press detected (132ms)
2026-03-22 17:42:14,189 [INFO] audio: Mic mute set to True
2026-03-22 17:42:14,191 [INFO] hotkey: Sent Discord hotkey: ctrl+shift+alt+f9
2026-03-22 17:42:14,192 [INFO] chroma: Keyboard set to solid mute color (all red)
2026-03-22 17:42:14,197 [INFO] MasterMute: State -> MUTED
2026-03-22 17:42:15,379 [INFO] hotkey: Short press detected (123ms)
2026-03-22 17:42:15,381 [INFO] audio: Mic mute set to False
2026-03-22 17:42:15,383 [INFO] hotkey: Sent Discord hotkey: ctrl+shift+alt+f9
2026-03-22 17:42:15,385 [INFO] chroma: Session released — Synapse has full control
2026-03-22 17:42:15,389 [INFO] MasterMute: State -> UNMUTED
2026-03-22 17:42:17,373 [INFO] hotkey: Short press detected (112ms)
2026-03-22 17:42:17,375 [INFO] audio: Mic mute set to True
2026-03-22 17:42:17,377 [INFO] hotkey: Sent Discord hotkey: ctrl+shift+alt+f9
2026-03-22 17:42:17,886 [INFO] chroma: Chroma SDK session established: http://localhost:59295/chromasdk
2026-03-22 17:42:17,886 [INFO] chroma: Keyboard set to solid mute color (all red)
2026-03-22 17:42:17,890 [INFO] MasterMute: State -> MUTED
2026-03-22 17:42:18,085 [INFO] hotkey: Short press detected (121ms)
2026-03-22 17:42:18,087 [INFO] audio: Mic mute set to False
2026-03-22 17:42:18,089 [INFO] hotkey: Sent Discord hotkey: ctrl+shift+alt+f9
2026-03-22 17:42:18,091 [INFO] chroma: Session released — Synapse has full control
2026-03-22 17:42:18,095 [INFO] MasterMute: State -> UNMUTED
2026-03-22 17:42:19,148 [INFO] hotkey: Long press detected (held >= 300ms)
2026-03-22 17:42:19,151 [INFO] audio: Mic mute set to True
2026-03-22 17:42:19,153 [INFO] hotkey: Sent Discord hotkey: ctrl+shift+alt+f7
2026-03-22 17:42:19,655 [INFO] audio: Speaker mute set to True
2026-03-22 17:42:20,217 [INFO] chroma: Chroma SDK session established: http://localhost:50359/chromasdk
2026-03-22 17:42:20,217 [INFO] chroma: Keyboard set to deafen (blackout + mute button flashing)
2026-03-22 17:42:20,221 [INFO] MasterMute: State -> DEAFENED
2026-03-22 17:42:21,692 [INFO] hotkey: Short press detected (125ms)
2026-03-22 17:42:21,694 [INFO] audio: Mic mute set to False
2026-03-22 17:42:21,696 [INFO] audio: Speaker mute set to False
2026-03-22 17:42:21,698 [INFO] hotkey: Sent Discord hotkey: ctrl+shift+alt+f7
2026-03-22 17:42:21,700 [INFO] chroma: Session released — Synapse has full control
2026-03-22 17:42:21,704 [INFO] MasterMute: State -> UNMUTED (from deafened)
2026-03-22 17:42:27,472 [INFO] hotkey: Short press detected (94ms)
2026-03-22 17:42:27,474 [INFO] audio: Mic mute set to True
2026-03-22 17:42:27,476 [INFO] hotkey: Sent Discord hotkey: ctrl+shift+alt+f9
2026-03-22 17:42:28,041 [INFO] chroma: Chroma SDK session established: http://localhost:59539/chromasdk
2026-03-22 17:42:28,041 [INFO] chroma: Keyboard set to solid mute color (all red)
2026-03-22 17:42:28,045 [INFO] MasterMute: State -> MUTED
2026-03-22 17:42:31,071 [INFO] hotkey: Short press detected (102ms)
2026-03-22 17:42:31,073 [INFO] audio: Mic mute set to False
2026-03-22 17:42:31,075 [INFO] hotkey: Sent Discord hotkey: ctrl+shift+alt+f9
2026-03-22 17:42:31,077 [INFO] chroma: Session released — Synapse has full control
2026-03-22 17:42:31,081 [INFO] MasterMute: State -> UNMUTED
2026-03-22 17:42:36,246 [INFO] hotkey: Long press detected (held >= 300ms)
2026-03-22 17:42:36,248 [INFO] audio: Mic mute set to True
2026-03-22 17:42:36,250 [INFO] hotkey: Sent Discord hotkey: ctrl+shift+alt+f7
2026-03-22 17:42:36,752 [INFO] audio: Speaker mute set to True
2026-03-22 17:42:37,315 [INFO] chroma: Chroma SDK session established: http://localhost:57029/chromasdk
2026-03-22 17:42:37,316 [INFO] chroma: Keyboard set to deafen (blackout + mute button flashing)
2026-03-22 17:42:37,320 [INFO] MasterMute: State -> DEAFENED
2026-03-22 17:42:39,679 [INFO] hotkey: Short press detected (124ms)
2026-03-22 17:42:39,681 [INFO] audio: Mic mute set to False
2026-03-22 17:42:39,683 [INFO] audio: Speaker mute set to False
2026-03-22 17:42:39,686 [INFO] hotkey: Sent Discord hotkey: ctrl+shift+alt+f7
2026-03-22 17:42:39,688 [INFO] chroma: Session released — Synapse has full control
2026-03-22 17:42:39,691 [INFO] MasterMute: State -> UNMUTED (from deafened)
2026-03-22 17:42:56,168 [INFO] hotkey: Short press detected (115ms)
2026-03-22 17:42:56,170 [INFO] audio: Mic mute set to True
2026-03-22 17:42:56,173 [INFO] hotkey: Sent Discord hotkey: ctrl+shift+alt+f9
2026-03-22 17:42:56,741 [INFO] chroma: Chroma SDK session established: http://localhost:54914/chromasdk
2026-03-22 17:42:56,741 [INFO] chroma: Keyboard set to solid mute color (all red)
2026-03-22 17:42:56,745 [INFO] MasterMute: State -> MUTED
2026-03-22 17:42:58,307 [INFO] hotkey: Short press detected (99ms)
2026-03-22 17:42:58,309 [INFO] audio: Mic mute set to False
2026-03-22 17:42:58,311 [INFO] hotkey: Sent Discord hotkey: ctrl+shift+alt+f9
2026-03-22 17:42:58,313 [INFO] chroma: Session released — Synapse has full control
2026-03-22 17:42:58,316 [INFO] MasterMute: State -> UNMUTED
2026-03-22 17:43:05,520 [INFO] MasterMute: MasterMute starting...
2026-03-22 17:43:05,520 [INFO] MasterMute: Config loaded from C:\Users\Xhoni\Desktop\Coding\master-mute\config.toml
2026-03-22 17:43:05,525 [INFO] audio: Mic mute set to False
2026-03-22 17:43:05,527 [INFO] audio: Speaker mute set to False
2026-03-22 17:43:05,527 [INFO] MasterMute: Startup: forced unmuted state for sync
2026-03-22 17:43:06,090 [INFO] chroma: Chroma SDK session established: http://localhost:52712/chromasdk
2026-03-22 17:43:06,091 [INFO] MasterMute: Chroma SDK connected (Synapse still in control)
2026-03-22 17:43:06,144 [INFO] hotkey: Hotkey listener started for 'ctrl+shift+alt+f8'
2026-03-22 17:43:06,144 [INFO] MasterMute: MasterMute running.
2026-03-22 17:43:15,156 [INFO] hotkey: Short press detected (130ms)
2026-03-22 17:43:15,158 [INFO] audio: Mic mute set to True
2026-03-22 17:43:15,160 [INFO] hotkey: Sent Discord hotkey: ctrl+shift+alt+f9
2026-03-22 17:43:15,161 [INFO] chroma: Keyboard set to solid mute color (all red)
2026-03-22 17:43:15,166 [INFO] MasterMute: State -> MUTED
2026-03-22 17:43:19,267 [INFO] hotkey: Short press detected (130ms)
2026-03-22 17:43:19,269 [INFO] audio: Mic mute set to False
2026-03-22 17:43:19,271 [INFO] hotkey: Sent Discord hotkey: ctrl+shift+alt+f9
2026-03-22 17:43:19,274 [INFO] chroma: Session released — Synapse has full control
2026-03-22 17:43:19,277 [INFO] MasterMute: State -> UNMUTED
2026-03-22 17:43:21,837 [INFO] chroma: Chroma SDK session established: http://localhost:54992/chromasdk
2026-03-22 17:43:25,809 [INFO] hotkey: Long press detected (held >= 300ms)
2026-03-22 17:43:25,812 [INFO] audio: Mic mute set to True
2026-03-22 17:43:25,814 [INFO] hotkey: Sent Discord hotkey: ctrl+shift+alt+f7
2026-03-22 17:43:26,316 [INFO] audio: Speaker mute set to True
2026-03-22 17:43:26,317 [INFO] chroma: Keyboard set to deafen (blackout + mute button flashing)
2026-03-22 17:43:26,321 [INFO] MasterMute: State -> DEAFENED
2026-03-22 17:43:28,819 [INFO] hotkey: Short press detected (119ms)
2026-03-22 17:43:28,821 [INFO] audio: Mic mute set to False
2026-03-22 17:43:28,823 [INFO] audio: Speaker mute set to False
2026-03-22 17:43:28,826 [INFO] hotkey: Sent Discord hotkey: ctrl+shift+alt+f7
2026-03-22 17:43:28,828 [INFO] chroma: Session released — Synapse has full control
2026-03-22 17:43:28,832 [INFO] MasterMute: State -> UNMUTED (from deafened)
2026-03-22 17:43:31,390 [INFO] chroma: Chroma SDK session established: http://localhost:53400/chromasdk
2026-03-22 17:43:37,975 [INFO] hotkey: Short press detected (73ms)
2026-03-22 17:43:37,977 [INFO] audio: Mic mute set to True
2026-03-22 17:43:37,979 [INFO] hotkey: Sent Discord hotkey: ctrl+shift+alt+f9
2026-03-22 17:43:37,980 [INFO] chroma: Keyboard set to solid mute color (all red)
2026-03-22 17:43:37,985 [INFO] MasterMute: State -> MUTED
2026-03-22 17:43:44,390 [INFO] hotkey: Short press detected (96ms)
2026-03-22 17:43:44,392 [INFO] audio: Mic mute set to False
2026-03-22 17:43:44,394 [INFO] hotkey: Sent Discord hotkey: ctrl+shift+alt+f9
2026-03-22 17:43:44,396 [INFO] chroma: Session released — Synapse has full control
2026-03-22 17:43:44,399 [INFO] MasterMute: State -> UNMUTED
2026-03-22 17:43:46,961 [INFO] chroma: Chroma SDK session established: http://localhost:55068/chromasdk
2026-03-22 17:43:51,472 [INFO] hotkey: Long press detected (held >= 300ms)
2026-03-22 17:43:51,475 [INFO] audio: Mic mute set to True
2026-03-22 17:43:51,477 [INFO] hotkey: Sent Discord hotkey: ctrl+shift+alt+f7
2026-03-22 17:43:51,979 [INFO] audio: Speaker mute set to True
2026-03-22 17:43:51,980 [INFO] chroma: Keyboard set to deafen (blackout + mute button flashing)
2026-03-22 17:43:51,984 [INFO] MasterMute: State -> DEAFENED
2026-03-22 17:43:57,181 [INFO] hotkey: Short press detected (122ms)
2026-03-22 17:43:57,183 [INFO] audio: Mic mute set to False
2026-03-22 17:43:57,185 [INFO] audio: Speaker mute set to False
2026-03-22 17:43:57,188 [INFO] hotkey: Sent Discord hotkey: ctrl+shift+alt+f7
2026-03-22 17:43:57,190 [INFO] chroma: Session released — Synapse has full control
2026-03-22 17:43:57,193 [INFO] MasterMute: State -> UNMUTED (from deafened)
2026-03-22 17:43:59,753 [INFO] chroma: Chroma SDK session established: http://localhost:64090/chromasdk
2026-03-22 17:44:32,644 [INFO] hotkey: Long press detected (held >= 300ms)
2026-03-22 17:44:32,646 [INFO] audio: Mic mute set to True
2026-03-22 17:44:32,648 [INFO] hotkey: Sent Discord hotkey: ctrl+shift+alt+f7
2026-03-22 17:44:33,151 [INFO] audio: Speaker mute set to True
2026-03-22 17:44:33,151 [INFO] chroma: Keyboard set to deafen (blackout + mute button flashing)
2026-03-22 17:44:33,155 [INFO] MasterMute: State -> DEAFENED
2026-03-22 17:44:44,110 [INFO] hotkey: Short press detected (116ms)
2026-03-22 17:44:44,112 [INFO] audio: Mic mute set to False
2026-03-22 17:44:44,114 [INFO] audio: Speaker mute set to False
2026-03-22 17:44:44,117 [INFO] hotkey: Sent Discord hotkey: ctrl+shift+alt+f7
2026-03-22 17:44:44,119 [INFO] chroma: Session released — Synapse has full control
2026-03-22 17:44:44,123 [INFO] MasterMute: State -> UNMUTED (from deafened)
2026-03-22 17:44:46,684 [INFO] chroma: Chroma SDK session established: http://localhost:53530/chromasdk
2026-03-22 17:44:52,696 [INFO] hotkey: Short press detected (119ms)
2026-03-22 17:44:52,698 [INFO] audio: Mic mute set to True
2026-03-22 17:44:52,700 [INFO] hotkey: Sent Discord hotkey: ctrl+shift+alt+f9
2026-03-22 17:44:52,701 [INFO] chroma: Keyboard set to solid mute color (all red)
2026-03-22 17:44:52,705 [INFO] MasterMute: State -> MUTED
2026-03-22 17:44:54,133 [INFO] hotkey: Short press detected (105ms)
2026-03-22 17:44:54,135 [INFO] audio: Mic mute set to False
2026-03-22 17:44:54,138 [INFO] hotkey: Sent Discord hotkey: ctrl+shift+alt+f9
2026-03-22 17:44:54,140 [INFO] chroma: Session released — Synapse has full control
2026-03-22 17:44:54,143 [INFO] MasterMute: State -> UNMUTED
2026-03-22 17:44:56,158 [INFO] hotkey: Long press detected (held >= 300ms)
2026-03-22 17:44:56,161 [INFO] audio: Mic mute set to True
2026-03-22 17:44:56,163 [INFO] hotkey: Sent Discord hotkey: ctrl+shift+alt+f7
2026-03-22 17:44:56,666 [INFO] audio: Speaker mute set to True
2026-03-22 17:44:56,666 [INFO] chroma: Keyboard set to deafen (blackout + mute button flashing)
2026-03-22 17:44:56,674 [INFO] MasterMute: State -> DEAFENED
2026-03-22 17:44:56,708 [INFO] chroma: Chroma SDK session established: http://localhost:53467/chromasdk
2026-03-22 17:45:09,989 [INFO] hotkey: Short press detected (107ms)
2026-03-22 17:45:09,991 [INFO] audio: Mic mute set to False
2026-03-22 17:45:09,993 [INFO] audio: Speaker mute set to False
2026-03-22 17:45:09,996 [INFO] hotkey: Sent Discord hotkey: ctrl+shift+alt+f7
2026-03-22 17:45:09,999 [INFO] chroma: Session released — Synapse has full control
2026-03-22 17:45:10,003 [INFO] MasterMute: State -> UNMUTED (from deafened)
2026-03-22 17:45:12,560 [INFO] chroma: Chroma SDK session established: http://localhost:56106/chromasdk
2026-03-22 17:45:33,863 [INFO] hotkey: Short press detected (101ms)
2026-03-22 17:45:33,865 [INFO] audio: Mic mute set to True
2026-03-22 17:45:33,868 [INFO] hotkey: Sent Discord hotkey: ctrl+shift+alt+f9
2026-03-22 17:45:33,868 [INFO] chroma: Keyboard set to solid mute color (all red)
2026-03-22 17:45:33,872 [INFO] MasterMute: State -> MUTED
2026-03-22 17:45:35,516 [INFO] hotkey: Short press detected (142ms)
2026-03-22 17:45:35,519 [INFO] audio: Mic mute set to False
2026-03-22 17:45:35,521 [INFO] hotkey: Sent Discord hotkey: ctrl+shift+alt+f9
2026-03-22 17:45:35,523 [INFO] chroma: Session released — Synapse has full control
2026-03-22 17:45:35,527 [INFO] MasterMute: State -> UNMUTED
2026-03-22 17:45:37,343 [INFO] hotkey: Long press detected (held >= 300ms)
2026-03-22 17:45:37,345 [INFO] audio: Mic mute set to True
2026-03-22 17:45:37,348 [INFO] hotkey: Sent Discord hotkey: ctrl+shift+alt+f7
2026-03-22 17:45:37,850 [INFO] audio: Speaker mute set to True
2026-03-22 17:45:37,850 [INFO] chroma: Keyboard set to deafen (blackout + mute button flashing)
2026-03-22 17:45:37,855 [INFO] MasterMute: State -> DEAFENED
2026-03-22 17:45:38,091 [INFO] chroma: Chroma SDK session established: http://localhost:57560/chromasdk
2026-03-22 17:45:40,368 [INFO] hotkey: Short press detected (136ms)
2026-03-22 17:45:40,371 [INFO] audio: Mic mute set to False
2026-03-22 17:45:40,373 [INFO] audio: Speaker mute set to False
2026-03-22 17:45:40,375 [INFO] hotkey: Sent Discord hotkey: ctrl+shift+alt+f7
2026-03-22 17:45:40,387 [INFO] chroma: Session released — Synapse has full control
2026-03-22 17:45:40,391 [INFO] MasterMute: State -> UNMUTED (from deafened)
2026-03-22 17:45:42,036 [INFO] hotkey: Long press detected (held >= 300ms)
2026-03-22 17:45:42,038 [INFO] audio: Mic mute set to True
2026-03-22 17:45:42,041 [INFO] hotkey: Sent Discord hotkey: ctrl+shift+alt+f7
2026-03-22 17:45:42,543 [INFO] audio: Speaker mute set to True
2026-03-22 17:45:42,544 [INFO] chroma: Keyboard set to deafen (blackout + mute button flashing)
2026-03-22 17:45:42,548 [INFO] MasterMute: State -> DEAFENED
2026-03-22 17:45:42,953 [INFO] chroma: Chroma SDK session established: http://localhost:57043/chromasdk
2026-03-22 17:45:45,380 [INFO] hotkey: Short press detected (112ms)
2026-03-22 17:45:45,383 [INFO] audio: Mic mute set to False
2026-03-22 17:45:45,384 [INFO] audio: Speaker mute set to False
2026-03-22 17:45:45,387 [INFO] hotkey: Sent Discord hotkey: ctrl+shift+alt+f7
2026-03-22 17:45:45,390 [INFO] chroma: Session released — Synapse has full control
2026-03-22 17:45:45,393 [INFO] MasterMute: State -> UNMUTED (from deafened)
2026-03-22 17:45:47,951 [INFO] chroma: Chroma SDK session established: http://localhost:56987/chromasdk
2026-03-22 17:46:48,287 [INFO] MasterMute: MasterMute starting...
2026-03-22 17:46:48,288 [INFO] MasterMute: Config loaded from C:\Users\Xhoni\Desktop\Coding\master-mute\config.toml
2026-03-22 17:46:48,292 [INFO] audio: Mic mute set to False
2026-03-22 17:46:48,294 [INFO] audio: Speaker mute set to False
2026-03-22 17:46:48,294 [INFO] MasterMute: Startup: forced unmuted state for sync
2026-03-22 17:46:48,806 [INFO] chroma: Chroma SDK session established: http://localhost:59273/chromasdk
2026-03-22 17:46:48,806 [INFO] MasterMute: Chroma SDK connected (Synapse still in control)
2026-03-22 17:46:48,859 [INFO] hotkey: Hotkey listener started for 'ctrl+shift+alt+f8'
2026-03-22 17:46:48,859 [INFO] MasterMute: MasterMute running.
2026-03-22 17:47:00,234 [INFO] hotkey: Long press detected (held >= 300ms)
2026-03-22 17:47:00,237 [INFO] audio: Mic mute set to True
2026-03-22 17:47:00,239 [INFO] hotkey: Sent Discord hotkey: ctrl+shift+alt+f7
2026-03-22 17:47:00,741 [INFO] audio: Speaker mute set to True
2026-03-22 17:47:00,741 [INFO] chroma: Keyboard set to deafen (blackout + mute button flashing)
2026-03-22 17:47:00,745 [INFO] MasterMute: State -> DEAFENED
2026-03-22 17:47:06,741 [INFO] hotkey: Short press detected (175ms)
2026-03-22 17:47:06,743 [INFO] audio: Mic mute set to False
2026-03-22 17:47:06,745 [INFO] audio: Speaker mute set to False
2026-03-22 17:47:06,747 [INFO] hotkey: Sent Discord hotkey: ctrl+shift+alt+f7
2026-03-22 17:47:06,750 [INFO] chroma: Session released — Synapse has full control
2026-03-22 17:47:06,753 [INFO] MasterMute: State -> UNMUTED (from deafened)
2026-03-22 17:47:09,313 [INFO] chroma: Chroma SDK session established: http://localhost:60531/chromasdk
